#
# There is insufficient memory for the Java Runtime Environment to continue.
# Native memory allocation (malloc) failed to allocate 776000 bytes for Chunk::new
# Possible reasons:
#   The system is out of physical RAM or swap space
#   The process is running with CompressedOops enabled, and the Java Heap may be blocking the growth of the native heap
# Possible solutions:
#   Reduce memory load on the system
#   Increase physical memory or swap space
#   Check if swap backing store is full
#   Decrease Java heap size (-Xmx/-Xms)
#   Decrease number of Java threads
#   Decrease Java thread stack sizes (-Xss)
#   Set larger code cache with -XX:ReservedCodeCacheSize=
#   JVM is running with Unscaled Compressed Oops mode in which the Java heap is
#     placed in the first 4GB address space. The Java Heap base address is the
#     maximum limit for the native heap growth. Please use -XX:HeapBaseMinAddress
#     to set the Java Heap base and to place the Java Heap above 4GB virtual address.
# This output file may be truncated or incomplete.
#
#  Out of Memory Error (arena.cpp:189), pid=17128, tid=12464
#
# JRE version: Java(TM) SE Runtime Environment (17.0.6+9) (build 17.0.6+9-LTS-190)
# Java VM: Java HotSpot(TM) 64-Bit Server VM (17.0.6+9-LTS-190, mixed mode, sharing, tiered, compressed oops, compressed class ptrs, g1 gc, windows-amd64)
# No core dump will be written. Minidumps are not enabled by default on client versions of Windows
#

---------------  S U M M A R Y ------------

Command Line: -Dmaven.multiModuleProjectDirectory=C:\MesProjetAngular\ProjetPffAngular org.apache.maven.wrapper.MavenWrapperMain spring-boot:run

Host: Intel(R) Pentium(R) CPU N4200 @ 1.10GHz, 4 cores, 7G,  Windows 10 , 64 bit Build 19041 (10.0.19041.3570)
Time: Thu Nov  9 15:12:56 2023 Greenwich elapsed time: 16.659518 seconds (0d 0h 0m 16s)

---------------  T H R E A D  ---------------

Current thread (0x000002d024f5d210):  JavaThread "C2 CompilerThread0" daemon [_thread_in_native, id=12464, stack(0x000000f3b5b00000,0x000000f3b5c00000)]


Current CompileTask:
C2:  16660 4378       4       org.eclipse.sisu.bean.DeclaredMembers$MemberIterator::hasNext (96 bytes)

Stack: [0x000000f3b5b00000,0x000000f3b5c00000]
Native frames: (J=compiled Java code, j=interpreted, Vv=VM code, C=native code)
V  [jvm.dll+0x6734ea]
V  [jvm.dll+0x7d18f4]
V  [jvm.dll+0x7d309e]
V  [jvm.dll+0x7d3703]
V  [jvm.dll+0x2433c5]
V  [jvm.dll+0xaa46b]
V  [jvm.dll+0xaaa0c]
V  [jvm.dll+0x35eb2e]
V  [jvm.dll+0x329401]
V  [jvm.dll+0x32889a]
V  [jvm.dll+0x215ddf]
V  [jvm.dll+0x215211]
V  [jvm.dll+0x1a1730]
V  [jvm.dll+0x224b6e]
V  [jvm.dll+0x222f15]
V  [jvm.dll+0x78753c]
V  [jvm.dll+0x781a7a]
V  [jvm.dll+0x672375]
C  [ucrtbase.dll+0x21bb2]
C  [KERNEL32.DLL+0x17344]
C  [ntdll.dll+0x526b1]


---------------  P R O C E S S  ---------------

Threads class SMR info:
_java_thread_list=0x000002d026715d60, length=12, elements={
0x000002d005820e30, 0x000002d024f437b0, 0x000002d024f44620, 0x000002d024f57a40,
0x000002d024f5a900, 0x000002d024f5b2b0, 0x000002d024f5bc60, 0x000002d024f5d210,
0x000002d024f72180, 0x000002d024f76ec0, 0x000002d0259e0960, 0x000002d025a06e60
}

Java Threads: ( => current thread )
  0x000002d005820e30 JavaThread "main" [_thread_in_native, id=7908, stack(0x000000f3b4e00000,0x000000f3b4f00000)]
  0x000002d024f437b0 JavaThread "Reference Handler" daemon [_thread_blocked, id=10860, stack(0x000000f3b5500000,0x000000f3b5600000)]
  0x000002d024f44620 JavaThread "Finalizer" daemon [_thread_blocked, id=5716, stack(0x000000f3b5600000,0x000000f3b5700000)]
  0x000002d024f57a40 JavaThread "Signal Dispatcher" daemon [_thread_blocked, id=9860, stack(0x000000f3b5700000,0x000000f3b5800000)]
  0x000002d024f5a900 JavaThread "Attach Listener" daemon [_thread_blocked, id=17084, stack(0x000000f3b5800000,0x000000f3b5900000)]
  0x000002d024f5b2b0 JavaThread "Service Thread" daemon [_thread_blocked, id=11064, stack(0x000000f3b5900000,0x000000f3b5a00000)]
  0x000002d024f5bc60 JavaThread "Monitor Deflation Thread" daemon [_thread_blocked, id=12104, stack(0x000000f3b5a00000,0x000000f3b5b00000)]
=>0x000002d024f5d210 JavaThread "C2 CompilerThread0" daemon [_thread_in_native, id=12464, stack(0x000000f3b5b00000,0x000000f3b5c00000)]
  0x000002d024f72180 JavaThread "C1 CompilerThread0" daemon [_thread_blocked, id=1684, stack(0x000000f3b5c00000,0x000000f3b5d00000)]
  0x000002d024f76ec0 JavaThread "Sweeper thread" daemon [_thread_blocked, id=12328, stack(0x000000f3b5d00000,0x000000f3b5e00000)]
  0x000002d0259e0960 JavaThread "Notification Thread" daemon [_thread_blocked, id=800, stack(0x000000f3b5e00000,0x000000f3b5f00000)]
  0x000002d025a06e60 JavaThread "Common-Cleaner" daemon [_thread_blocked, id=4936, stack(0x000000f3b6000000,0x000000f3b6100000)]

Other Threads:
  0x000002d024f3f300 VMThread "VM Thread" [stack: 0x000000f3b5400000,0x000000f3b5500000] [id=14988]
  0x000002d005891e60 WatcherThread [stack: 0x000000f3b5f00000,0x000000f3b6000000] [id=9528]
  0x000002d0058784d0 GCTaskThread "GC Thread#0" [stack: 0x000000f3b4f00000,0x000000f3b5000000] [id=13276]
  0x000002d026243450 GCTaskThread "GC Thread#1" [stack: 0x000000f3b6100000,0x000000f3b6200000] [id=3872]
  0x000002d026243700 GCTaskThread "GC Thread#2" [stack: 0x000000f3b6200000,0x000000f3b6300000] [id=10596]
  0x000002d026267120 GCTaskThread "GC Thread#3" [stack: 0x000000f3b6300000,0x000000f3b6400000] [id=4844]
  0x000002d005889670 ConcurrentGCThread "G1 Main Marker" [stack: 0x000000f3b5000000,0x000000f3b5100000] [id=15828]
  0x000002d00588a080 ConcurrentGCThread "G1 Conc#0" [stack: 0x000000f3b5100000,0x000000f3b5200000] [id=13360]
  0x000002d0058f3110 ConcurrentGCThread "G1 Refine#0" [stack: 0x000000f3b5200000,0x000000f3b5300000] [id=5124]
  0x000002d0058f3b30 ConcurrentGCThread "G1 Service" [stack: 0x000000f3b5300000,0x000000f3b5400000] [id=6364]

Threads with active compile tasks:
C2 CompilerThread0    16706 4378       4       org.eclipse.sisu.bean.DeclaredMembers$MemberIterator::hasNext (96 bytes)

VM state: not at safepoint (normal execution)

VM Mutex/Monitor currently owned by a thread: None

Heap address: 0x0000000082a00000, size: 2006 MB, Compressed Oops mode: 32-bit

CDS archive(s) mapped at: [0x0000000800000000-0x0000000800bd0000-0x0000000800bd0000), size 12386304, SharedBaseAddress: 0x0000000800000000, ArchiveRelocationMode: 0.
Compressed class space mapped at: 0x0000000800c00000-0x0000000840c00000, reserved size: 1073741824
Narrow klass base: 0x0000000800000000, Narrow klass shift: 0, Narrow klass range: 0x100000000

GC Precious Log:
 CPUs: 4 total, 4 available
 Memory: 8016M
 Large Page Support: Disabled
 NUMA Support: Disabled
 Compressed Oops: Enabled (32-bit)
 Heap Region Size: 1M
 Heap Min Capacity: 8M
 Heap Initial Capacity: 126M
 Heap Max Capacity: 2006M
 Pre-touch: Disabled
 Parallel Workers: 4
 Concurrent Workers: 1
 Concurrent Refinement Workers: 4
 Periodic GC: Disabled

Heap:
 garbage-first heap   total 129024K, used 87582K [0x0000000082a00000, 0x0000000100000000)
  region size 1024K, 52 young (53248K), 10 survivors (10240K)
 Metaspace       used 17784K, committed 18048K, reserved 1064960K
  class space    used 2035K, committed 2176K, reserved 1048576K

Heap Regions: E=young(eden), S=young(survivor), O=old, HS=humongous(starts), HC=humongous(continues), CS=collection set, F=free, OA=open archive, CA=closed archive, TAMS=top-at-mark-start (previous, next)
|   0|0x0000000082a00000, 0x0000000082b00000, 0x0000000082b00000|100%| O|  |TAMS 0x0000000082a00000, 0x0000000082a00000| Untracked 
|   1|0x0000000082b00000, 0x0000000082c00000, 0x0000000082c00000|100%| O|  |TAMS 0x0000000082b00000, 0x0000000082b00000| Untracked 
|   2|0x0000000082c00000, 0x0000000082d00000, 0x0000000082d00000|100%| O|  |TAMS 0x0000000082c00000, 0x0000000082c00000| Untracked 
|   3|0x0000000082d00000, 0x0000000082d3d400, 0x0000000082e00000| 23%| O|  |TAMS 0x0000000082d00000, 0x0000000082d00000| Untracked 
|   4|0x0000000082e00000, 0x0000000082f00000, 0x0000000082f00000|100%|HS|  |TAMS 0x0000000082e00000, 0x0000000082e00000| Complete 
|   5|0x0000000082f00000, 0x0000000083000000, 0x0000000083000000|100%|HC|  |TAMS 0x0000000082f00000, 0x0000000082f00000| Complete 
|   6|0x0000000083000000, 0x0000000083100000, 0x0000000083100000|100%|HC|  |TAMS 0x0000000083000000, 0x0000000083000000| Complete 
|   7|0x0000000083100000, 0x0000000083200000, 0x0000000083200000|100%|HC|  |TAMS 0x0000000083100000, 0x0000000083100000| Complete 
|   8|0x0000000083200000, 0x0000000083300000, 0x0000000083300000|100%|HC|  |TAMS 0x0000000083200000, 0x0000000083200000| Complete 
|   9|0x0000000083300000, 0x0000000083400000, 0x0000000083400000|100%|HC|  |TAMS 0x0000000083300000, 0x0000000083300000| Complete 
|  10|0x0000000083400000, 0x0000000083500000, 0x0000000083500000|100%|HC|  |TAMS 0x0000000083400000, 0x0000000083400000| Complete 
|  11|0x0000000083500000, 0x0000000083600000, 0x0000000083600000|100%|HC|  |TAMS 0x0000000083500000, 0x0000000083500000| Complete 
|  12|0x0000000083600000, 0x0000000083700000, 0x0000000083700000|100%|HS|  |TAMS 0x0000000083600000, 0x0000000083600000| Complete 
|  13|0x0000000083700000, 0x0000000083800000, 0x0000000083800000|100%|HC|  |TAMS 0x0000000083700000, 0x0000000083700000| Complete 
|  14|0x0000000083800000, 0x0000000083900000, 0x0000000083900000|100%|HC|  |TAMS 0x0000000083800000, 0x0000000083800000| Complete 
|  15|0x0000000083900000, 0x0000000083a00000, 0x0000000083a00000|100%|HC|  |TAMS 0x0000000083900000, 0x0000000083900000| Complete 
|  16|0x0000000083a00000, 0x0000000083b00000, 0x0000000083b00000|100%|HC|  |TAMS 0x0000000083a00000, 0x0000000083a00000| Complete 
|  17|0x0000000083b00000, 0x0000000083c00000, 0x0000000083c00000|100%|HC|  |TAMS 0x0000000083b00000, 0x0000000083b00000| Complete 
|  18|0x0000000083c00000, 0x0000000083d00000, 0x0000000083d00000|100%|HC|  |TAMS 0x0000000083c00000, 0x0000000083c00000| Complete 
|  19|0x0000000083d00000, 0x0000000083e00000, 0x0000000083e00000|100%|HC|  |TAMS 0x0000000083d00000, 0x0000000083d00000| Complete 
|  20|0x0000000083e00000, 0x0000000083f00000, 0x0000000083f00000|100%|HC|  |TAMS 0x0000000083e00000, 0x0000000083e00000| Complete 
|  21|0x0000000083f00000, 0x0000000084000000, 0x0000000084000000|100%|HC|  |TAMS 0x0000000083f00000, 0x0000000083f00000| Complete 
|  22|0x0000000084000000, 0x0000000084100000, 0x0000000084100000|100%|HC|  |TAMS 0x0000000084000000, 0x0000000084000000| Complete 
|  23|0x0000000084100000, 0x0000000084200000, 0x0000000084200000|100%|HC|  |TAMS 0x0000000084100000, 0x0000000084100000| Complete 
|  24|0x0000000084200000, 0x0000000084300000, 0x0000000084300000|100%|HS|  |TAMS 0x0000000084200000, 0x0000000084200000| Complete 
|  25|0x0000000084300000, 0x0000000084400000, 0x0000000084400000|100%|HC|  |TAMS 0x0000000084300000, 0x0000000084300000| Complete 
|  26|0x0000000084400000, 0x0000000084500000, 0x0000000084500000|100%|HC|  |TAMS 0x0000000084400000, 0x0000000084400000| Complete 
|  27|0x0000000084500000, 0x0000000084600000, 0x0000000084600000|100%|HC|  |TAMS 0x0000000084500000, 0x0000000084500000| Complete 
|  28|0x0000000084600000, 0x0000000084700000, 0x0000000084700000|100%|HC|  |TAMS 0x0000000084600000, 0x0000000084600000| Complete 
|  29|0x0000000084700000, 0x0000000084800000, 0x0000000084800000|100%|HC|  |TAMS 0x0000000084700000, 0x0000000084700000| Complete 
|  30|0x0000000084800000, 0x0000000084900000, 0x0000000084900000|100%|HC|  |TAMS 0x0000000084800000, 0x0000000084800000| Complete 
|  31|0x0000000084900000, 0x0000000084a00000, 0x0000000084a00000|100%|HC|  |TAMS 0x0000000084900000, 0x0000000084900000| Complete 
|  32|0x0000000084a00000, 0x0000000084b00000, 0x0000000084b00000|100%|HC|  |TAMS 0x0000000084a00000, 0x0000000084a00000| Complete 
|  33|0x0000000084b00000, 0x0000000084c00000, 0x0000000084c00000|100%|HC|  |TAMS 0x0000000084b00000, 0x0000000084b00000| Complete 
|  34|0x0000000084c00000, 0x0000000084d00000, 0x0000000084d00000|100%|HC|  |TAMS 0x0000000084c00000, 0x0000000084c00000| Complete 
|  35|0x0000000084d00000, 0x0000000084e00000, 0x0000000084e00000|100%|HC|  |TAMS 0x0000000084d00000, 0x0000000084d00000| Complete 
|  36|0x0000000084e00000, 0x0000000084e00000, 0x0000000084f00000|  0%| F|  |TAMS 0x0000000084e00000, 0x0000000084e00000| Untracked 
|  37|0x0000000084f00000, 0x0000000084f00000, 0x0000000085000000|  0%| F|  |TAMS 0x0000000084f00000, 0x0000000084f00000| Untracked 
|  38|0x0000000085000000, 0x0000000085000000, 0x0000000085100000|  0%| F|  |TAMS 0x0000000085000000, 0x0000000085000000| Untracked 
|  39|0x0000000085100000, 0x0000000085100000, 0x0000000085200000|  0%| F|  |TAMS 0x0000000085100000, 0x0000000085100000| Untracked 
|  40|0x0000000085200000, 0x0000000085200000, 0x0000000085300000|  0%| F|  |TAMS 0x0000000085200000, 0x0000000085200000| Untracked 
|  41|0x0000000085300000, 0x000000008534a748, 0x0000000085400000| 29%| S|CS|TAMS 0x0000000085300000, 0x0000000085300000| Complete 
|  42|0x0000000085400000, 0x0000000085500000, 0x0000000085500000|100%| S|CS|TAMS 0x0000000085400000, 0x0000000085400000| Complete 
|  43|0x0000000085500000, 0x0000000085600000, 0x0000000085600000|100%| S|CS|TAMS 0x0000000085500000, 0x0000000085500000| Complete 
|  44|0x0000000085600000, 0x0000000085700000, 0x0000000085700000|100%| S|CS|TAMS 0x0000000085600000, 0x0000000085600000| Complete 
|  45|0x0000000085700000, 0x0000000085800000, 0x0000000085800000|100%| S|CS|TAMS 0x0000000085700000, 0x0000000085700000| Complete 
|  46|0x0000000085800000, 0x0000000085900000, 0x0000000085900000|100%| S|CS|TAMS 0x0000000085800000, 0x0000000085800000| Complete 
|  47|0x0000000085900000, 0x0000000085a00000, 0x0000000085a00000|100%| S|CS|TAMS 0x0000000085900000, 0x0000000085900000| Complete 
|  48|0x0000000085a00000, 0x0000000085b00000, 0x0000000085b00000|100%| S|CS|TAMS 0x0000000085a00000, 0x0000000085a00000| Complete 
|  49|0x0000000085b00000, 0x0000000085c00000, 0x0000000085c00000|100%| S|CS|TAMS 0x0000000085b00000, 0x0000000085b00000| Complete 
|  50|0x0000000085c00000, 0x0000000085d00000, 0x0000000085d00000|100%| S|CS|TAMS 0x0000000085c00000, 0x0000000085c00000| Complete 
|  51|0x0000000085d00000, 0x0000000085d00000, 0x0000000085e00000|  0%| F|  |TAMS 0x0000000085d00000, 0x0000000085d00000| Untracked 
|  52|0x0000000085e00000, 0x0000000085e00000, 0x0000000085f00000|  0%| F|  |TAMS 0x0000000085e00000, 0x0000000085e00000| Untracked 
|  53|0x0000000085f00000, 0x0000000085f00000, 0x0000000086000000|  0%| F|  |TAMS 0x0000000085f00000, 0x0000000085f00000| Untracked 
|  54|0x0000000086000000, 0x0000000086000000, 0x0000000086100000|  0%| F|  |TAMS 0x0000000086000000, 0x0000000086000000| Untracked 
|  55|0x0000000086100000, 0x0000000086100000, 0x0000000086200000|  0%| F|  |TAMS 0x0000000086100000, 0x0000000086100000| Untracked 
|  56|0x0000000086200000, 0x0000000086200000, 0x0000000086300000|  0%| F|  |TAMS 0x0000000086200000, 0x0000000086200000| Untracked 
|  57|0x0000000086300000, 0x0000000086300000, 0x0000000086400000|  0%| F|  |TAMS 0x0000000086300000, 0x0000000086300000| Untracked 
|  58|0x0000000086400000, 0x0000000086400000, 0x0000000086500000|  0%| F|  |TAMS 0x0000000086400000, 0x0000000086400000| Untracked 
|  59|0x0000000086500000, 0x0000000086500000, 0x0000000086600000|  0%| F|  |TAMS 0x0000000086500000, 0x0000000086500000| Untracked 
|  60|0x0000000086600000, 0x0000000086600000, 0x0000000086700000|  0%| F|  |TAMS 0x0000000086600000, 0x0000000086600000| Untracked 
|  61|0x0000000086700000, 0x0000000086700000, 0x0000000086800000|  0%| F|  |TAMS 0x0000000086700000, 0x0000000086700000| Untracked 
|  62|0x0000000086800000, 0x0000000086800000, 0x0000000086900000|  0%| F|  |TAMS 0x0000000086800000, 0x0000000086800000| Untracked 
|  63|0x0000000086900000, 0x0000000086900000, 0x0000000086a00000|  0%| F|  |TAMS 0x0000000086900000, 0x0000000086900000| Untracked 
|  64|0x0000000086a00000, 0x0000000086a00000, 0x0000000086b00000|  0%| F|  |TAMS 0x0000000086a00000, 0x0000000086a00000| Untracked 
|  65|0x0000000086b00000, 0x0000000086b00000, 0x0000000086c00000|  0%| F|  |TAMS 0x0000000086b00000, 0x0000000086b00000| Untracked 
|  66|0x0000000086c00000, 0x0000000086c00000, 0x0000000086d00000|  0%| F|  |TAMS 0x0000000086c00000, 0x0000000086c00000| Untracked 
|  67|0x0000000086d00000, 0x0000000086d00000, 0x0000000086e00000|  0%| F|  |TAMS 0x0000000086d00000, 0x0000000086d00000| Untracked 
|  68|0x0000000086e00000, 0x0000000086e00000, 0x0000000086f00000|  0%| F|  |TAMS 0x0000000086e00000, 0x0000000086e00000| Untracked 
|  69|0x0000000086f00000, 0x0000000086f00000, 0x0000000087000000|  0%| F|  |TAMS 0x0000000086f00000, 0x0000000086f00000| Untracked 
|  70|0x0000000087000000, 0x0000000087000000, 0x0000000087100000|  0%| F|  |TAMS 0x0000000087000000, 0x0000000087000000| Untracked 
|  71|0x0000000087100000, 0x0000000087100000, 0x0000000087200000|  0%| F|  |TAMS 0x0000000087100000, 0x0000000087100000| Untracked 
|  72|0x0000000087200000, 0x0000000087200000, 0x0000000087300000|  0%| F|  |TAMS 0x0000000087200000, 0x0000000087200000| Untracked 
|  73|0x0000000087300000, 0x0000000087300000, 0x0000000087400000|  0%| F|  |TAMS 0x0000000087300000, 0x0000000087300000| Untracked 
|  74|0x0000000087400000, 0x0000000087400000, 0x0000000087500000|  0%| F|  |TAMS 0x0000000087400000, 0x0000000087400000| Untracked 
|  75|0x0000000087500000, 0x0000000087500000, 0x0000000087600000|  0%| F|  |TAMS 0x0000000087500000, 0x0000000087500000| Untracked 
|  76|0x0000000087600000, 0x0000000087600000, 0x0000000087700000|  0%| F|  |TAMS 0x0000000087600000, 0x0000000087600000| Untracked 
|  77|0x0000000087700000, 0x0000000087700000, 0x0000000087800000|  0%| F|  |TAMS 0x0000000087700000, 0x0000000087700000| Untracked 
|  78|0x0000000087800000, 0x0000000087800000, 0x0000000087900000|  0%| F|  |TAMS 0x0000000087800000, 0x0000000087800000| Untracked 
|  79|0x0000000087900000, 0x0000000087900000, 0x0000000087a00000|  0%| F|  |TAMS 0x0000000087900000, 0x0000000087900000| Untracked 
|  80|0x0000000087a00000, 0x0000000087a00000, 0x0000000087b00000|  0%| F|  |TAMS 0x0000000087a00000, 0x0000000087a00000| Untracked 
|  81|0x0000000087b00000, 0x0000000087b00000, 0x0000000087c00000|  0%| F|  |TAMS 0x0000000087b00000, 0x0000000087b00000| Untracked 
|  82|0x0000000087c00000, 0x0000000087c00000, 0x0000000087d00000|  0%| F|  |TAMS 0x0000000087c00000, 0x0000000087c00000| Untracked 
|  83|0x0000000087d00000, 0x0000000087d00000, 0x0000000087e00000|  0%| F|  |TAMS 0x0000000087d00000, 0x0000000087d00000| Untracked 
|  84|0x0000000087e00000, 0x0000000087e80800, 0x0000000087f00000| 50%| E|  |TAMS 0x0000000087e00000, 0x0000000087e00000| Complete 
|  85|0x0000000087f00000, 0x0000000088000000, 0x0000000088000000|100%| E|CS|TAMS 0x0000000087f00000, 0x0000000087f00000| Complete 
|  86|0x0000000088000000, 0x0000000088100000, 0x0000000088100000|100%| E|CS|TAMS 0x0000000088000000, 0x0000000088000000| Complete 
|  87|0x0000000088100000, 0x0000000088200000, 0x0000000088200000|100%| E|CS|TAMS 0x0000000088100000, 0x0000000088100000| Complete 
|  88|0x0000000088200000, 0x0000000088300000, 0x0000000088300000|100%| E|CS|TAMS 0x0000000088200000, 0x0000000088200000| Complete 
|  89|0x0000000088300000, 0x0000000088400000, 0x0000000088400000|100%| E|CS|TAMS 0x0000000088300000, 0x0000000088300000| Complete 
|  90|0x0000000088400000, 0x0000000088500000, 0x0000000088500000|100%| E|CS|TAMS 0x0000000088400000, 0x0000000088400000| Complete 
|  91|0x0000000088500000, 0x0000000088600000, 0x0000000088600000|100%| E|CS|TAMS 0x0000000088500000, 0x0000000088500000| Complete 
|  92|0x0000000088600000, 0x0000000088700000, 0x0000000088700000|100%| E|CS|TAMS 0x0000000088600000, 0x0000000088600000| Complete 
|  93|0x0000000088700000, 0x0000000088800000, 0x0000000088800000|100%| E|CS|TAMS 0x0000000088700000, 0x0000000088700000| Complete 
|  94|0x0000000088800000, 0x0000000088900000, 0x0000000088900000|100%| E|CS|TAMS 0x0000000088800000, 0x0000000088800000| Complete 
|  95|0x0000000088900000, 0x0000000088a00000, 0x0000000088a00000|100%| E|CS|TAMS 0x0000000088900000, 0x0000000088900000| Complete 
|  96|0x0000000088a00000, 0x0000000088b00000, 0x0000000088b00000|100%| E|CS|TAMS 0x0000000088a00000, 0x0000000088a00000| Complete 
|  97|0x0000000088b00000, 0x0000000088c00000, 0x0000000088c00000|100%| E|CS|TAMS 0x0000000088b00000, 0x0000000088b00000| Complete 
|  98|0x0000000088c00000, 0x0000000088d00000, 0x0000000088d00000|100%| E|CS|TAMS 0x0000000088c00000, 0x0000000088c00000| Complete 
|  99|0x0000000088d00000, 0x0000000088e00000, 0x0000000088e00000|100%| E|CS|TAMS 0x0000000088d00000, 0x0000000088d00000| Complete 
| 100|0x0000000088e00000, 0x0000000088f00000, 0x0000000088f00000|100%| E|CS|TAMS 0x0000000088e00000, 0x0000000088e00000| Complete 
| 101|0x0000000088f00000, 0x0000000089000000, 0x0000000089000000|100%| E|CS|TAMS 0x0000000088f00000, 0x0000000088f00000| Complete 
| 102|0x0000000089000000, 0x0000000089100000, 0x0000000089100000|100%| E|CS|TAMS 0x0000000089000000, 0x0000000089000000| Complete 
| 103|0x0000000089100000, 0x0000000089200000, 0x0000000089200000|100%| E|CS|TAMS 0x0000000089100000, 0x0000000089100000| Complete 
| 104|0x0000000089200000, 0x0000000089300000, 0x0000000089300000|100%| E|CS|TAMS 0x0000000089200000, 0x0000000089200000| Complete 
| 105|0x0000000089300000, 0x0000000089400000, 0x0000000089400000|100%| E|CS|TAMS 0x0000000089300000, 0x0000000089300000| Complete 
| 106|0x0000000089400000, 0x0000000089500000, 0x0000000089500000|100%| E|CS|TAMS 0x0000000089400000, 0x0000000089400000| Complete 
| 107|0x0000000089500000, 0x0000000089600000, 0x0000000089600000|100%| E|CS|TAMS 0x0000000089500000, 0x0000000089500000| Complete 
| 108|0x0000000089600000, 0x0000000089700000, 0x0000000089700000|100%| E|CS|TAMS 0x0000000089600000, 0x0000000089600000| Complete 
| 109|0x0000000089700000, 0x0000000089800000, 0x0000000089800000|100%| E|CS|TAMS 0x0000000089700000, 0x0000000089700000| Complete 
| 110|0x0000000089800000, 0x0000000089900000, 0x0000000089900000|100%| E|CS|TAMS 0x0000000089800000, 0x0000000089800000| Complete 
| 111|0x0000000089900000, 0x0000000089a00000, 0x0000000089a00000|100%| E|CS|TAMS 0x0000000089900000, 0x0000000089900000| Complete 
| 112|0x0000000089a00000, 0x0000000089b00000, 0x0000000089b00000|100%| E|CS|TAMS 0x0000000089a00000, 0x0000000089a00000| Complete 
| 113|0x0000000089b00000, 0x0000000089c00000, 0x0000000089c00000|100%| E|CS|TAMS 0x0000000089b00000, 0x0000000089b00000| Complete 
| 114|0x0000000089c00000, 0x0000000089d00000, 0x0000000089d00000|100%| E|CS|TAMS 0x0000000089c00000, 0x0000000089c00000| Complete 
| 115|0x0000000089d00000, 0x0000000089e00000, 0x0000000089e00000|100%| E|CS|TAMS 0x0000000089d00000, 0x0000000089d00000| Complete 
| 116|0x0000000089e00000, 0x0000000089f00000, 0x0000000089f00000|100%| E|CS|TAMS 0x0000000089e00000, 0x0000000089e00000| Complete 
| 117|0x0000000089f00000, 0x000000008a000000, 0x000000008a000000|100%| E|CS|TAMS 0x0000000089f00000, 0x0000000089f00000| Complete 
| 118|0x000000008a000000, 0x000000008a100000, 0x000000008a100000|100%| E|CS|TAMS 0x000000008a000000, 0x000000008a000000| Complete 
| 119|0x000000008a100000, 0x000000008a200000, 0x000000008a200000|100%| E|CS|TAMS 0x000000008a100000, 0x000000008a100000| Complete 
| 120|0x000000008a200000, 0x000000008a300000, 0x000000008a300000|100%| E|CS|TAMS 0x000000008a200000, 0x000000008a200000| Complete 
| 121|0x000000008a300000, 0x000000008a400000, 0x000000008a400000|100%| E|CS|TAMS 0x000000008a300000, 0x000000008a300000| Complete 
| 122|0x000000008a400000, 0x000000008a500000, 0x000000008a500000|100%| E|CS|TAMS 0x000000008a400000, 0x000000008a400000| Complete 
| 123|0x000000008a500000, 0x000000008a600000, 0x000000008a600000|100%| E|CS|TAMS 0x000000008a500000, 0x000000008a500000| Complete 
| 124|0x000000008a600000, 0x000000008a700000, 0x000000008a700000|100%| E|CS|TAMS 0x000000008a600000, 0x000000008a600000| Complete 
| 125|0x000000008a700000, 0x000000008a800000, 0x000000008a800000|100%| E|CS|TAMS 0x000000008a700000, 0x000000008a700000| Complete 

Card table byte_map: [0x000002d01e2c0000,0x000002d01e6b0000] _byte_map_base: 0x000002d01deab000

Marking Bits (Prev, Next): (CMBitMap*) 0x000002d005878ae0, (CMBitMap*) 0x000002d005878b20
 Prev Bits: [0x000002d01eaa0000, 0x000002d0209f8000)
 Next Bits: [0x000002d020a00000, 0x000002d022958000)

Polling page: 0x000002d005900000

Metaspace:

Usage:
  Non-class:     15.38 MB used.
      Class:      1.99 MB used.
       Both:     17.37 MB used.

Virtual space:
  Non-class space:       16.00 MB reserved,      15.50 MB ( 97%) committed,  2 nodes.
      Class space:        1.00 GB reserved,       2.12 MB ( <1%) committed,  1 nodes.
             Both:        1.02 GB reserved,      17.62 MB (  2%) committed. 

Chunk freelists:
   Non-Class:  208.00 KB
       Class:  1.77 MB
        Both:  1.97 MB

MaxMetaspaceSize: unlimited
CompressedClassSpaceSize: 1.00 GB
Initial GC threshold: 21.00 MB
Current GC threshold: 21.00 MB
CDS: on
MetaspaceReclaimPolicy: balanced
 - commit_granule_bytes: 65536.
 - commit_granule_words: 8192.
 - virtual_space_node_default_size: 1048576.
 - enlarge_chunks_in_place: 1.
 - new_chunks_are_fully_committed: 0.
 - uncommit_free_chunks: 1.
 - use_allocation_guard: 0.
 - handle_deallocations: 1.


Internal statistics:

num_allocs_failed_limit: 0.
num_arena_births: 120.
num_arena_deaths: 0.
num_vsnodes_births: 3.
num_vsnodes_deaths: 0.
num_space_committed: 282.
num_space_uncommitted: 0.
num_chunks_returned_to_freelist: 0.
num_chunks_taken_from_freelist: 753.
num_chunk_merges: 0.
num_chunk_splits: 515.
num_chunks_enlarged: 414.
num_purges: 0.
num_inconsistent_stats: 0.

CodeHeap 'non-profiled nmethods': size=120000Kb used=2159Kb max_used=2159Kb free=117840Kb
 bounds [0x000002d016380000, 0x000002d0165f0000, 0x000002d01d8b0000]
CodeHeap 'profiled nmethods': size=120000Kb used=9316Kb max_used=9316Kb free=110683Kb
 bounds [0x000002d00e8b0000, 0x000002d00f1d0000, 0x000002d015de0000]
CodeHeap 'non-nmethods': size=5760Kb used=1182Kb max_used=1226Kb free=4577Kb
 bounds [0x000002d015de0000, 0x000002d016050000, 0x000002d016380000]
 total_blobs=4872 nmethods=4395 adapters=390
 compilation: enabled
              stopped_count=0, restarted_count=0
 full_count=0

Compilation events (20 events):
Event: 16.629 Thread 0x000002d024f72180 4387       1       java.lang.Long::longValue (5 bytes)
Event: 16.630 Thread 0x000002d024f72180 nmethod 4387 0x000002d01659aa90 code [0x000002d01659ac20, 0x000002d01659acf8]
Event: 16.630 Thread 0x000002d024f72180 4388       3       java.lang.String::lastIndexOf (104 bytes)
Event: 16.631 Thread 0x000002d024f72180 nmethod 4388 0x000002d00f1c6110 code [0x000002d00f1c6320, 0x000002d00f1c6888]
Event: 16.631 Thread 0x000002d024f72180 4389       1       org.apache.maven.plugin.descriptor.Parameter::getType (5 bytes)
Event: 16.631 Thread 0x000002d024f72180 nmethod 4389 0x000002d01659ad90 code [0x000002d01659af20, 0x000002d01659aff8]
Event: 16.631 Thread 0x000002d024f72180 4391       1       org.apache.maven.plugin.descriptor.Parameter::isEditable (5 bytes)
Event: 16.631 Thread 0x000002d024f72180 nmethod 4391 0x000002d01659b090 code [0x000002d01659b220, 0x000002d01659b2f8]
Event: 16.631 Thread 0x000002d024f72180 4390       1       org.apache.maven.plugin.descriptor.Parameter::getDeprecated (5 bytes)
Event: 16.631 Thread 0x000002d024f72180 nmethod 4390 0x000002d01659b390 code [0x000002d01659b520, 0x000002d01659b5f8]
Event: 16.631 Thread 0x000002d024f72180 4392       1       org.apache.maven.plugin.descriptor.Parameter::isRequired (5 bytes)
Event: 16.631 Thread 0x000002d024f72180 nmethod 4392 0x000002d01659b690 code [0x000002d01659b820, 0x000002d01659b8f8]
Event: 16.632 Thread 0x000002d024f72180 4393       1       org.apache.maven.plugin.MojoExecution::getMojoDescriptor (5 bytes)
Event: 16.632 Thread 0x000002d024f72180 nmethod 4393 0x000002d01659b990 code [0x000002d01659bb20, 0x000002d01659bbf8]
Event: 16.635 Thread 0x000002d024f72180 4397       3       org.eclipse.sisu.bean.DeclaredMembers$View$3::members (5 bytes)
Event: 16.635 Thread 0x000002d024f72180 nmethod 4397 0x000002d00f1c6a90 code [0x000002d00f1c6c40, 0x000002d00f1c6d88]
Event: 16.635 Thread 0x000002d024f72180 4398       3       org.eclipse.sisu.plexus.Roles::camelizeName (126 bytes)
Event: 16.638 Thread 0x000002d024f72180 nmethod 4398 0x000002d00f1c6e90 code [0x000002d00f1c7200, 0x000002d00f1c8858]
Event: 16.638 Thread 0x000002d024f72180 4399       1       org.apache.maven.artifact.DefaultArtifact::getArtifactHandler (5 bytes)
Event: 16.638 Thread 0x000002d024f72180 nmethod 4399 0x000002d01659bc90 code [0x000002d01659be20, 0x000002d01659bef8]

GC Heap History (8 events):
Event: 2.513 GC heap before
{Heap before GC invocations=0 (full 0):
 garbage-first heap   total 129024K, used 13312K [0x0000000082a00000, 0x0000000100000000)
  region size 1024K, 13 young (13312K), 0 survivors (0K)
 Metaspace       used 3690K, committed 3904K, reserved 1056768K
  class space    used 388K, committed 512K, reserved 1048576K
}
Event: 2.521 GC heap after
{Heap after GC invocations=1 (full 0):
 garbage-first heap   total 129024K, used 3278K [0x0000000082a00000, 0x0000000100000000)
  region size 1024K, 2 young (2048K), 2 survivors (2048K)
 Metaspace       used 3690K, committed 3904K, reserved 1056768K
  class space    used 388K, committed 512K, reserved 1048576K
}
Event: 3.380 GC heap before
{Heap before GC invocations=1 (full 0):
 garbage-first heap   total 129024K, used 14542K [0x0000000082a00000, 0x0000000100000000)
  region size 1024K, 13 young (13312K), 2 survivors (2048K)
 Metaspace       used 5687K, committed 5888K, reserved 1056768K
  class space    used 684K, committed 768K, reserved 1048576K
}
Event: 3.388 GC heap after
{Heap after GC invocations=2 (full 0):
 garbage-first heap   total 129024K, used 4018K [0x0000000082a00000, 0x0000000100000000)
  region size 1024K, 1 young (1024K), 1 survivors (1024K)
 Metaspace       used 5687K, committed 5888K, reserved 1056768K
  class space    used 684K, committed 768K, reserved 1048576K
}
Event: 5.397 GC heap before
{Heap before GC invocations=2 (full 0):
 garbage-first heap   total 129024K, used 32690K [0x0000000082a00000, 0x0000000100000000)
  region size 1024K, 29 young (29696K), 1 survivors (1024K)
 Metaspace       used 9560K, committed 9728K, reserved 1064960K
  class space    used 1161K, committed 1216K, reserved 1048576K
}
Event: 5.402 GC heap after
{Heap after GC invocations=3 (full 0):
 garbage-first heap   total 129024K, used 5219K [0x0000000082a00000, 0x0000000100000000)
  region size 1024K, 2 young (2048K), 2 survivors (2048K)
 Metaspace       used 9560K, committed 9728K, reserved 1064960K
  class space    used 1161K, committed 1216K, reserved 1048576K
}
Event: 13.101 GC heap before
{Heap before GC invocations=3 (full 0):
 garbage-first heap   total 129024K, used 79971K [0x0000000082a00000, 0x0000000100000000)
  region size 1024K, 75 young (76800K), 2 survivors (2048K)
 Metaspace       used 15728K, committed 15872K, reserved 1064960K
  class space    used 1862K, committed 1920K, reserved 1048576K
}
Event: 13.124 GC heap after
{Heap after GC invocations=4 (full 0):
 garbage-first heap   total 129024K, used 12830K [0x0000000082a00000, 0x0000000100000000)
  region size 1024K, 10 young (10240K), 10 survivors (10240K)
 Metaspace       used 15728K, committed 15872K, reserved 1064960K
  class space    used 1862K, committed 1920K, reserved 1048576K
}

Deoptimization events (20 events):
Event: 15.224 Thread 0x000002d005820e30 Uncommon trap: trap_request=0xffffffde fr.pc=0x000002d016452f8c relative=0x000000000000006c
Event: 15.224 Thread 0x000002d005820e30 Uncommon trap: reason=class_check action=maybe_recompile pc=0x000002d016452f8c method=com.google.inject.internal.LinkedBindingImpl.acceptTargetVisitor(Lcom/google/inject/spi/BindingTargetVisitor;)Ljava/lang/Object; @ 2 c2
Event: 15.224 Thread 0x000002d005820e30 DEOPT PACKING pc=0x000002d016452f8c sp=0x000000f3b4efc0e0
Event: 15.224 Thread 0x000002d005820e30 DEOPT UNPACKING pc=0x000002d015e3239d sp=0x000000f3b4efc068 mode 2
Event: 15.259 Thread 0x000002d005820e30 Uncommon trap: trap_request=0xfffffff4 fr.pc=0x000002d0165474fc relative=0x000000000000079c
Event: 15.259 Thread 0x000002d005820e30 Uncommon trap: reason=null_check action=make_not_entrant pc=0x000002d0165474fc method=com.google.inject.internal.InjectorImpl.enterContext()Lcom/google/inject/internal/InternalContext; @ 7 c2
Event: 15.259 Thread 0x000002d005820e30 DEOPT PACKING pc=0x000002d0165474fc sp=0x000000f3b4efc180
Event: 15.259 Thread 0x000002d005820e30 DEOPT UNPACKING pc=0x000002d015e3239d sp=0x000000f3b4efc170 mode 2
Event: 15.264 Thread 0x000002d005820e30 Uncommon trap: trap_request=0xffffff54 fr.pc=0x000002d01650c504 relative=0x0000000000000344
Event: 15.264 Thread 0x000002d005820e30 Uncommon trap: reason=speculate_null_assert action=make_not_entrant pc=0x000002d01650c504 method=org.eclipse.sisu.inject.RankedBindings$Itr.hasNext()Z @ 80 c2
Event: 15.264 Thread 0x000002d005820e30 DEOPT PACKING pc=0x000002d01650c504 sp=0x000000f3b4efc920
Event: 15.264 Thread 0x000002d005820e30 DEOPT UNPACKING pc=0x000002d015e3239d sp=0x000000f3b4efc8f8 mode 2
Event: 16.268 Thread 0x000002d005820e30 Uncommon trap: trap_request=0xffffffc6 fr.pc=0x000002d0163ec178 relative=0x0000000000000338
Event: 16.268 Thread 0x000002d005820e30 Uncommon trap: reason=bimorphic_or_optimized_type_check action=maybe_recompile pc=0x000002d0163ec178 method=java.nio.Buffer.<init>(IIIILjdk/internal/access/foreign/MemorySegmentProxy;)V @ 39 c2
Event: 16.268 Thread 0x000002d005820e30 DEOPT PACKING pc=0x000002d0163ec178 sp=0x000000f3b4ef7110
Event: 16.268 Thread 0x000002d005820e30 DEOPT UNPACKING pc=0x000002d015e3239d sp=0x000000f3b4ef70b8 mode 2
Event: 16.272 Thread 0x000002d005820e30 Uncommon trap: trap_request=0xffffffc6 fr.pc=0x000002d0163ec178 relative=0x0000000000000338
Event: 16.272 Thread 0x000002d005820e30 Uncommon trap: reason=bimorphic_or_optimized_type_check action=maybe_recompile pc=0x000002d0163ec178 method=java.nio.Buffer.<init>(IIIILjdk/internal/access/foreign/MemorySegmentProxy;)V @ 39 c2
Event: 16.272 Thread 0x000002d005820e30 DEOPT PACKING pc=0x000002d0163ec178 sp=0x000000f3b4ef7110
Event: 16.272 Thread 0x000002d005820e30 DEOPT UNPACKING pc=0x000002d015e3239d sp=0x000000f3b4ef70b8 mode 2

Classes unloaded (0 events):
No events

Classes redefined (0 events):
No events

Internal exceptions (20 events):
Event: 6.131 Thread 0x000002d005820e30 Implicit null exception at 0x000002d0163e96af to 0x000002d0163e97c4
Event: 6.138 Thread 0x000002d005820e30 Exception <a 'java/lang/NoSuchMethodError'{0x000000008a1838c0}: 'java.lang.Object java.lang.invoke.Invokers$Holder.invokeExact_MT(java.lang.Object, int, java.lang.Object)'> (0x000000008a1838c0) 
thrown [s\open\src\hotspot\share\interpreter\linkResolver.cpp, line 759]
Event: 6.169 Thread 0x000002d005820e30 Exception <a 'java/lang/NoSuchMethodError'{0x000000008a1eb4d8}: 'void java.lang.invoke.DirectMethodHandle$Holder.invokeStatic(java.lang.Object, java.lang.Object)'> (0x000000008a1eb4d8) 
thrown [s\open\src\hotspot\share\interpreter\linkResolver.cpp, line 759]
Event: 6.177 Thread 0x000002d005820e30 Exception <a 'java/lang/NoSuchMethodError'{0x000000008a1fc2f8}: 'int java.lang.invoke.DirectMethodHandle$Holder.invokeSpecial(java.lang.Object, java.lang.Object, java.lang.Object, java.lang.Object)'> (0x000000008a1fc2f8) 
thrown [s\open\src\hotspot\share\interpreter\linkResolver.cpp, line 759]
Event: 7.269 Thread 0x000002d005820e30 Exception <a 'java/lang/NoClassDefFoundError'{0x00000000898a5040}: com/google/inject/servlet/ServletModuleTargetVisitor> (0x00000000898a5040) 
thrown [s\open\src\hotspot\share\classfile\systemDictionary.cpp, line 245]
Event: 7.470 Thread 0x000002d005820e30 Exception <a 'java/lang/NoSuchMethodError'{0x0000000089648f98}: 'void java.lang.invoke.DirectMethodHandle$Holder.invokeVirtual(java.lang.Object, java.lang.Object)'> (0x0000000089648f98) 
thrown [s\open\src\hotspot\share\interpreter\linkResolver.cpp, line 759]
Event: 7.608 Thread 0x000002d005820e30 Exception <a 'java/lang/NoSuchMethodError'{0x00000000896c34b0}: 'java.lang.Object java.lang.invoke.DirectMethodHandle$Holder.invokeStaticInit(java.lang.Object, int, int, int, int)'> (0x00000000896c34b0) 
thrown [s\open\src\hotspot\share\interpreter\linkResolver.cpp, line 759]
Event: 8.075 Thread 0x000002d005820e30 Implicit null exception at 0x000002d0163bf2f2 to 0x000002d0163bf804
Event: 8.075 Thread 0x000002d005820e30 Implicit null exception at 0x000002d0163a7372 to 0x000002d0163a7898
Event: 11.156 Thread 0x000002d005820e30 Implicit null exception at 0x000002d0164950af to 0x000002d01649519c
Event: 11.157 Thread 0x000002d005820e30 Implicit null exception at 0x000002d01642836a to 0x000002d016428528
Event: 11.157 Thread 0x000002d005820e30 Implicit null exception at 0x000002d0163b04d8 to 0x000002d0163b056e
Event: 11.315 Thread 0x000002d005820e30 Exception <a 'java/lang/NoSuchMethodError'{0x00000000877e4348}: 'int java.lang.invoke.DirectMethodHandle$Holder.invokeSpecialIFC(java.lang.Object, java.lang.Object, java.lang.Object, java.lang.Object)'> (0x00000000877e4348) 
thrown [s\open\src\hotspot\share\interpreter\linkResolver.cpp, line 759]
Event: 14.101 Thread 0x000002d005820e30 Implicit null exception at 0x000002d0163fa78f to 0x000002d0163fa809
Event: 14.741 Thread 0x000002d005820e30 Exception <a 'java/lang/NoSuchMethodError'{0x000000008989e090}: 'java.lang.Object java.lang.invoke.DirectMethodHandle$Holder.newInvokeSpecial(java.lang.Object, java.lang.Object, java.lang.Object, java.lang.Object, java.lang.Object, java.lang.Object, java.lang.Object)'> (0x000000008989e090) 
thrown [s\open\src\hotspot\share\interpreter\linkResolver.cpp, line 759]
Event: 14.742 Thread 0x000002d005820e30 Exception <a 'java/lang/NoSuchMethodError'{0x00000000898a2c48}: 'java.lang.Object java.lang.invoke.Invokers$Holder.linkToTargetMethod(java.lang.Object, java.lang.Object, java.lang.Object, java.lang.Object, java.lang.Object, java.lang.Object, java.lang.Object)'> (0x00000000898a2c48) 
thrown [s\open\src\hotspot\share\interpreter\linkResolver.cpp, line 759]
Event: 15.259 Thread 0x000002d005820e30 Implicit null exception at 0x000002d016546e23 to 0x000002d0165474ec
Event: 15.294 Thread 0x000002d005820e30 Exception <a 'java/lang/NoSuchMethodError'{0x0000000088e4f610}: 'java.lang.Object java.lang.invoke.DirectMethodHandle$Holder.invokeVirtual(java.lang.Object, java.lang.Object, java.lang.Object)'> (0x0000000088e4f610) 
thrown [s\open\src\hotspot\share\interpreter\linkResolver.cpp, line 759]
Event: 15.296 Thread 0x000002d005820e30 Exception <a 'java/lang/NoSuchMethodError'{0x0000000088e56c08}: 'void java.lang.invoke.DirectMethodHandle$Holder.invokeSpecial(java.lang.Object, java.lang.Object, java.lang.Object, java.lang.Object, java.lang.Object, java.lang.Object)'> (0x0000000088e56c08) 
thrown [s\open\src\hotspot\share\interpreter\linkResolver.cpp, line 759]
Event: 15.301 Thread 0x000002d005820e30 Exception <a 'java/lang/NoSuchMethodError'{0x0000000088e622a0}: 'int java.lang.invoke.DirectMethodHandle$Holder.invokeVirtual(java.lang.Object, java.lang.Object)'> (0x0000000088e622a0) 
thrown [s\open\src\hotspot\share\interpreter\linkResolver.cpp, line 759]

VM Operations (20 events):
Event: 8.198 Executing VM operation: HandshakeAllThreads
Event: 8.198 Executing VM operation: HandshakeAllThreads done
Event: 8.201 Executing VM operation: HandshakeAllThreads
Event: 8.201 Executing VM operation: HandshakeAllThreads done
Event: 9.216 Executing VM operation: Cleanup
Event: 9.237 Executing VM operation: Cleanup done
Event: 10.250 Executing VM operation: Cleanup
Event: 10.251 Executing VM operation: Cleanup done
Event: 11.257 Executing VM operation: Cleanup
Event: 11.257 Executing VM operation: Cleanup done
Event: 11.295 Executing VM operation: HandshakeAllThreads
Event: 11.295 Executing VM operation: HandshakeAllThreads done
Event: 11.858 Executing VM operation: ICBufferFull
Event: 11.858 Executing VM operation: ICBufferFull done
Event: 13.101 Executing VM operation: G1CollectForAllocation
Event: 13.124 Executing VM operation: G1CollectForAllocation done
Event: 15.020 Executing VM operation: ICBufferFull
Event: 15.020 Executing VM operation: ICBufferFull done
Event: 16.028 Executing VM operation: Cleanup
Event: 16.028 Executing VM operation: Cleanup done

Events (20 events):
Event: 15.211 loading class org/w3c/dom/Element
Event: 15.211 loading class org/w3c/dom/Element done
Event: 15.359 loading class jdk/internal/reflect/UnsafeBooleanFieldAccessorImpl
Event: 15.359 loading class jdk/internal/reflect/UnsafeBooleanFieldAccessorImpl done
Event: 15.505 loading class sun/nio/cs/UTF_8$Encoder
Event: 15.505 loading class sun/nio/cs/UTF_8$Encoder done
Event: 15.543 loading class java/nio/BufferMismatch
Event: 15.544 loading class java/nio/BufferMismatch done
Event: 15.544 loading class java/nio/file/attribute/PosixFileAttributes
Event: 15.545 loading class java/nio/file/attribute/PosixFileAttributes done
Event: 16.260 loading class java/io/FileWriter
Event: 16.260 loading class java/io/FileWriter done
Event: 16.325 loading class jdk/internal/reflect/UnsafeIntegerFieldAccessorImpl
Event: 16.326 loading class jdk/internal/reflect/UnsafeIntegerFieldAccessorImpl done
Event: 16.335 loading class java/util/ServiceConfigurationError
Event: 16.335 loading class java/util/ServiceConfigurationError done
Event: 16.455 loading class sun/nio/fs/WindowsChannelFactory$2
Event: 16.455 loading class sun/nio/fs/WindowsChannelFactory$2 done
Event: 16.481 loading class java/nio/channels/Channels$1
Event: 16.481 loading class java/nio/channels/Channels$1 done


Dynamic libraries:
0x00007ff7b8010000 - 0x00007ff7b8020000 	C:\Program Files\Java\jdk-17\bin\java.exe
0x00007ffd50350000 - 0x00007ffd50547000 	C:\Windows\SYSTEM32\ntdll.dll
0x00007ffd4ff70000 - 0x00007ffd5002d000 	C:\Windows\System32\KERNEL32.DLL
0x00007ffd4da30000 - 0x00007ffd4dd26000 	C:\Windows\System32\KERNELBASE.dll
0x00007ffd4e150000 - 0x00007ffd4e250000 	C:\Windows\System32\ucrtbase.dll
0x00007ffd380a0000 - 0x00007ffd380bb000 	C:\Program Files\Java\jdk-17\bin\VCRUNTIME140.dll
0x00007ffd237d0000 - 0x00007ffd237e8000 	C:\Program Files\Java\jdk-17\bin\jli.dll
0x00007ffd50260000 - 0x00007ffd5030e000 	C:\Windows\System32\ADVAPI32.dll
0x00007ffd4f4c0000 - 0x00007ffd4f55e000 	C:\Windows\System32\msvcrt.dll
0x00007ffd4ec90000 - 0x00007ffd4ed2c000 	C:\Windows\System32\sechost.dll
0x00007ffd4f560000 - 0x00007ffd4f686000 	C:\Windows\System32\RPCRT4.dll
0x00007ffd4f700000 - 0x00007ffd4f89e000 	C:\Windows\System32\USER32.dll
0x00007ffd4dfb0000 - 0x00007ffd4dfd2000 	C:\Windows\System32\win32u.dll
0x00007ffd4ed40000 - 0x00007ffd4ed6c000 	C:\Windows\System32\GDI32.dll
0x00007ffd399a0000 - 0x00007ffd39c3a000 	C:\Windows\WinSxS\amd64_microsoft.windows.common-controls_6595b64144ccf1df_6.0.19041.3570_none_60bb2a3971f3e41a\COMCTL32.dll
0x00007ffd4dfe0000 - 0x00007ffd4e0fa000 	C:\Windows\System32\gdi32full.dll
0x00007ffd4dea0000 - 0x00007ffd4df3d000 	C:\Windows\System32\msvcp_win.dll
0x00007ffd3e340000 - 0x00007ffd3e34a000 	C:\Windows\SYSTEM32\VERSION.dll
0x00007ffd4f2d0000 - 0x00007ffd4f300000 	C:\Windows\System32\IMM32.DLL
0x00007ffd46d10000 - 0x00007ffd46d1c000 	C:\Program Files\Java\jdk-17\bin\vcruntime140_1.dll
0x00007ffd13800000 - 0x00007ffd1388e000 	C:\Program Files\Java\jdk-17\bin\msvcp140.dll
0x00007ffd056a0000 - 0x00007ffd06277000 	C:\Program Files\Java\jdk-17\bin\server\jvm.dll
0x00007ffd4ed30000 - 0x00007ffd4ed38000 	C:\Windows\System32\PSAPI.DLL
0x00007ffd33720000 - 0x00007ffd33747000 	C:\Windows\SYSTEM32\WINMM.dll
0x00007ffd3a470000 - 0x00007ffd3a479000 	C:\Windows\SYSTEM32\WSOCK32.dll
0x00007ffd4fe50000 - 0x00007ffd4febb000 	C:\Windows\System32\WS2_32.dll
0x00007ffd4c260000 - 0x00007ffd4c272000 	C:\Windows\SYSTEM32\kernel.appcore.dll
0x00007ffd46bd0000 - 0x00007ffd46bda000 	C:\Program Files\Java\jdk-17\bin\jimage.dll
0x00007ffd4bf80000 - 0x00007ffd4c164000 	C:\Windows\SYSTEM32\DBGHELP.DLL
0x00007ffd3ab20000 - 0x00007ffd3ab54000 	C:\Windows\SYSTEM32\dbgcore.DLL
0x00007ffd4dde0000 - 0x00007ffd4de62000 	C:\Windows\System32\bcryptPrimitives.dll
0x00007ffd1cbc0000 - 0x00007ffd1cbe5000 	C:\Program Files\Java\jdk-17\bin\java.dll
0x00007ffd12c70000 - 0x00007ffd12d47000 	C:\Program Files\Java\jdk-17\bin\jsvml.dll
0x00007ffd4e540000 - 0x00007ffd4ec84000 	C:\Windows\System32\SHELL32.dll
0x00007ffd4b710000 - 0x00007ffd4beab000 	C:\Windows\SYSTEM32\windows.storage.dll
0x00007ffd4faf0000 - 0x00007ffd4fe44000 	C:\Windows\System32\combase.dll
0x00007ffd4d470000 - 0x00007ffd4d49d000 	C:\Windows\SYSTEM32\Wldp.dll
0x00007ffd4e410000 - 0x00007ffd4e4bd000 	C:\Windows\System32\SHCORE.dll
0x00007ffd50030000 - 0x00007ffd50085000 	C:\Windows\System32\shlwapi.dll
0x00007ffd4d960000 - 0x00007ffd4d985000 	C:\Windows\SYSTEM32\profapi.dll
0x00007ffd1d3f0000 - 0x00007ffd1d409000 	C:\Program Files\Java\jdk-17\bin\net.dll
0x00007ffd3e0b0000 - 0x00007ffd3e1ba000 	C:\Windows\SYSTEM32\WINHTTP.dll
0x00007ffd4d1d0000 - 0x00007ffd4d23a000 	C:\Windows\system32\mswsock.dll
0x00007ffd1c710000 - 0x00007ffd1c726000 	C:\Program Files\Java\jdk-17\bin\nio.dll
0x00007ffd1c6f0000 - 0x00007ffd1c708000 	C:\Program Files\Java\jdk-17\bin\zip.dll
0x0000000069ac0000 - 0x0000000069ae4000 	C:\Users\AS\AppData\Local\Temp\jansi-2.4.0-9eba4f9b6a65834d-jansi.dll
0x00007ffd469d0000 - 0x00007ffd469e0000 	C:\Program Files\Java\jdk-17\bin\verify.dll

dbghelp: loaded successfully - version: 4.0.5 - missing functions: none
symbol engine: initialized successfully - sym options: 0x614 - pdb path: .;C:\Program Files\Java\jdk-17\bin;C:\Windows\SYSTEM32;C:\Windows\WinSxS\amd64_microsoft.windows.common-controls_6595b64144ccf1df_6.0.19041.3570_none_60bb2a3971f3e41a;C:\Program Files\Java\jdk-17\bin\server;C:\Users\AS\AppData\Local\Temp

VM Arguments:
jvm_args: -Dmaven.multiModuleProjectDirectory=C:\MesProjetAngular\ProjetPffAngular 
java_command: org.apache.maven.wrapper.MavenWrapperMain spring-boot:run
java_class_path (initial): C:\MesProjetAngular\ProjetPffAngular\.mvn\wrapper\maven-wrapper.jar
Launcher Type: SUN_STANDARD

[Global flags]
     intx CICompilerCount                          = 3                                         {product} {ergonomic}
     uint ConcGCThreads                            = 1                                         {product} {ergonomic}
     uint G1ConcRefinementThreads                  = 4                                         {product} {ergonomic}
   size_t G1HeapRegionSize                         = 1048576                                   {product} {ergonomic}
    uintx GCDrainStackTargetSize                   = 64                                        {product} {ergonomic}
   size_t InitialHeapSize                          = 132120576                                 {product} {ergonomic}
   size_t MarkStackSize                            = 4194304                                   {product} {ergonomic}
   size_t MaxHeapSize                              = 2103443456                                {product} {ergonomic}
   size_t MaxNewSize                               = 1261436928                                {product} {ergonomic}
   size_t MinHeapDeltaBytes                        = 1048576                                   {product} {ergonomic}
   size_t MinHeapSize                              = 8388608                                   {product} {ergonomic}
    uintx NonNMethodCodeHeapSize                   = 5832780                                {pd product} {ergonomic}
    uintx NonProfiledCodeHeapSize                  = 122912730                              {pd product} {ergonomic}
    uintx ProfiledCodeHeapSize                     = 122912730                              {pd product} {ergonomic}
    uintx ReservedCodeCacheSize                    = 251658240                              {pd product} {ergonomic}
     bool SegmentedCodeCache                       = true                                      {product} {ergonomic}
   size_t SoftMaxHeapSize                          = 2103443456                             {manageable} {ergonomic}
     bool UseCompressedClassPointers               = true                           {product lp64_product} {ergonomic}
     bool UseCompressedOops                        = true                           {product lp64_product} {ergonomic}
     bool UseG1GC                                  = true                                      {product} {ergonomic}
     bool UseLargePagesIndividualAllocation        = false                                  {pd product} {ergonomic}

Logging:
Log output configuration:
 #0: stdout all=warning uptime,level,tags
 #1: stderr all=off uptime,level,tags

Environment Variables:
JAVA_HOME=C:\Program Files\Java\jdk-17
PATH=C:\Program Files\Common Files\Oracle\Java\javapath;C:\Windows\system32;C:\Windows;C:\Windows\System32\Wbem;C:\Windows\System32\WindowsPowerShell\v1.0\;C:\Windows\System32\OpenSSH\;C:\Users\AS\Desktop\flutter_windows_3.7.6-stable\flutter\bin;C:\Program Files\nodejs\;C:\flutter\bin;C:\wamp64\bin\php\php5.6.40;C:\composer;C:\sass;C:\Program Files\Git\cmd;C:\Users\AS\AppData\Local\Microsoft\WindowsApps;C:\Users\AS\AppData\Local\Programs\Microsoft VS Code\bin;C:\Users\AS\Desktop\flutter_windows_3.7.6-stable\flutter\bin;C:\Users\AS\AppData\Roaming\npm;C:\Users\AS\AppData\Roaming\Composer\vendor\bin
USERNAME=AS
LANG=en_US.UTF-8
OS=Windows_NT
PROCESSOR_IDENTIFIER=Intel64 Family 6 Model 92 Stepping 9, GenuineIntel



---------------  S Y S T E M  ---------------

OS:
 Windows 10 , 64 bit Build 19041 (10.0.19041.3570)
OS uptime: 1 days 18:43 hours

CPU: total 4 (initial active 4) (4 cores per cpu, 1 threads per core) family 6 model 92 stepping 9 microcode 0x32, cx8, cmov, fxsr, mmx, 3dnowpref, sse, sse2, sse3, ssse3, sse4.1, sse4.2, popcnt, tsc, tscinvbit, aes, erms, clmul, sha, clflush, clflushopt

Memory: 4k page, system-wide physical 8016M (1388M free)
TotalPageFile size 12398M (AvailPageFile size 4M)
current process WorkingSet (physical memory assigned to process): 201M, peak: 211M
current process commit charge ("private bytes"): 246M, peak: 257M

vm_info: Java HotSpot(TM) 64-Bit Server VM (17.0.6+9-LTS-190) for windows-amd64 JRE (17.0.6+9-LTS-190), built on Dec  6 2022 15:53:54 by "mach5one" with MS VC++ 17.1 (VS2022)

END.
