#
# There is insufficient memory for the Java Runtime Environment to continue.
# Native memory allocation (malloc) failed to allocate 747136 bytes for Chunk::new
# Possible reasons:
#   The system is out of physical RAM or swap space
#   The process is running with CompressedOops enabled, and the Java Heap may be blocking the growth of the native heap
# Possible solutions:
#   Reduce memory load on the system
#   Increase physical memory or swap space
#   Check if swap backing store is full
#   Decrease Java heap size (-Xmx/-Xms)
#   Decrease number of Java threads
#   Decrease Java thread stack sizes (-Xss)
#   Set larger code cache with -XX:ReservedCodeCacheSize=
#   JVM is running with Unscaled Compressed Oops mode in which the Java heap is
#     placed in the first 4GB address space. The Java Heap base address is the
#     maximum limit for the native heap growth. Please use -XX:HeapBaseMinAddress
#     to set the Java Heap base and to place the Java Heap above 4GB virtual address.
# This output file may be truncated or incomplete.
#
#  Out of Memory Error (arena.cpp:189), pid=16156, tid=14728
#
# JRE version: OpenJDK Runtime Environment Temurin-17.0.8.1+1 (17.0.8.1+1) (build 17.0.8.1+1)
# Java VM: OpenJDK 64-Bit Server VM Temurin-17.0.8.1+1 (17.0.8.1+1, mixed mode, tiered, compressed oops, compressed class ptrs, parallel gc, windows-amd64)
# No core dump will be written. Minidumps are not enabled by default on client versions of Windows
#

---------------  S U M M A R Y ------------

Command Line: --add-modules=ALL-SYSTEM --add-opens=java.base/java.util=ALL-UNNAMED --add-opens=java.base/java.lang=ALL-UNNAMED --add-opens=java.base/sun.nio.fs=ALL-UNNAMED -Declipse.application=org.eclipse.jdt.ls.core.id1 -Dosgi.bundles.defaultStartLevel=4 -Declipse.product=org.eclipse.jdt.ls.core.product -Djava.import.generatesMetadataFilesAtProjectRoot=false -DDetectVMInstallationsJob.disabled=true -Dfile.encoding=utf8 -XX:+UseParallelGC -XX:GCTimeRatio=4 -XX:AdaptiveSizePolicyWeight=90 -Dsun.zip.disableMemoryMapping=true -Xmx1G -Xms100m -Xlog:disable -javaagent:c:\Users\AS\.vscode\extensions\redhat.java-1.24.0-win32-x64\lombok\lombok-1.18.30.jar c:\Users\AS\.vscode\extensions\redhat.java-1.24.0-win32-x64\server\plugins\org.eclipse.equinox.launcher_1.6.500.v20230717-2134.jar -configuration c:\Users\AS\AppData\Roaming\Code\User\globalStorage\redhat.java\1.24.0\config_ss_win -data c:\Users\AS\AppData\Roaming\Code\User\workspaceStorage\2e878b952edbc97bc1b8e0d448a3c7a7\redhat.java\ss_ws --stdio

Host: Intel(R) Pentium(R) CPU N4200 @ 1.10GHz, 4 cores, 7G,  Windows 10 , 64 bit Build 19041 (10.0.19041.3570)
Time: Thu Nov  9 15:11:40 2023 Greenwich elapsed time: 26.602266 seconds (0d 0h 0m 26s)

---------------  T H R E A D  ---------------

Current thread (0x0000014594473030):  JavaThread "C2 CompilerThread1" daemon [_thread_in_native, id=14728, stack(0x0000003101500000,0x0000003101600000)]


Current CompileTask:
C2:  26602 4623       4       java.lang.invoke.MethodType::makeImpl (109 bytes)

Stack: [0x0000003101500000,0x0000003101600000]
Native frames: (J=compiled Java code, j=interpreted, Vv=VM code, C=native code)
V  [jvm.dll+0x678b0a]
V  [jvm.dll+0x835e84]
V  [jvm.dll+0x83762e]
V  [jvm.dll+0x837c93]
V  [jvm.dll+0x24746f]
V  [jvm.dll+0xac20c]
V  [jvm.dll+0xac7dc]
V  [jvm.dll+0x365ca7]
V  [jvm.dll+0x1bd012]
V  [jvm.dll+0x219d49]
V  [jvm.dll+0x219011]
V  [jvm.dll+0x1a534d]
V  [jvm.dll+0x228d8a]
V  [jvm.dll+0x226dcc]
V  [jvm.dll+0x7ec09b]
V  [jvm.dll+0x7e64ca]
V  [jvm.dll+0x677955]
C  [ucrtbase.dll+0x21bb2]
C  [KERNEL32.DLL+0x17344]
C  [ntdll.dll+0x526b1]


---------------  P R O C E S S  ---------------

Threads class SMR info:
_java_thread_list=0x00000145969fce60, length=27, elements={
0x00000145f939a960, 0x00000145f94545f0, 0x000001458f1a83b0, 0x000001458f1ce560,
0x000001458f1cf2f0, 0x000001458f1cff80, 0x000001458f1d1860, 0x000001458f1d2510,
0x00000145f945d140, 0x00000145f945de00, 0x00000145943d0ea0, 0x000001459466eb60,
0x0000014594dc4a40, 0x00000145951aba60, 0x0000014594dc11d0, 0x0000014595121b80,
0x0000014594aae500, 0x0000014594aad5d0, 0x0000014594aaad50, 0x0000014594aadff0,
0x0000014594aac190, 0x0000014594aac6a0, 0x0000014594aad0c0, 0x0000014594aab260,
0x0000014594aadae0, 0x0000014594aab770, 0x0000014594473030
}

Java Threads: ( => current thread )
  0x00000145f939a960 JavaThread "main" [_thread_blocked, id=10076, stack(0x000000317f300000,0x000000317f400000)]
  0x00000145f94545f0 JavaThread "Reference Handler" daemon [_thread_blocked, id=8076, stack(0x000000317f600000,0x000000317f700000)]
  0x000001458f1a83b0 JavaThread "Finalizer" daemon [_thread_blocked, id=16964, stack(0x000000317f700000,0x000000317f800000)]
  0x000001458f1ce560 JavaThread "Signal Dispatcher" daemon [_thread_blocked, id=4192, stack(0x000000317f800000,0x000000317f900000)]
  0x000001458f1cf2f0 JavaThread "Attach Listener" daemon [_thread_blocked, id=10432, stack(0x000000317f900000,0x000000317fa00000)]
  0x000001458f1cff80 JavaThread "Service Thread" daemon [_thread_blocked, id=12744, stack(0x000000317fa00000,0x000000317fb00000)]
  0x000001458f1d1860 JavaThread "Monitor Deflation Thread" daemon [_thread_blocked, id=15816, stack(0x000000317fb00000,0x000000317fc00000)]
  0x000001458f1d2510 JavaThread "C2 CompilerThread0" daemon [_thread_in_native, id=12968, stack(0x000000317fc00000,0x000000317fd00000)]
  0x00000145f945d140 JavaThread "C1 CompilerThread0" daemon [_thread_in_native, id=3852, stack(0x000000317fd00000,0x000000317fe00000)]
  0x00000145f945de00 JavaThread "Sweeper thread" daemon [_thread_blocked, id=16820, stack(0x000000317fe00000,0x000000317ff00000)]
  0x00000145943d0ea0 JavaThread "Common-Cleaner" daemon [_thread_blocked, id=13152, stack(0x000000317ff00000,0x0000003180000000)]
  0x000001459466eb60 JavaThread "Notification Thread" daemon [_thread_blocked, id=15028, stack(0x0000003100000000,0x0000003100100000)]
  0x0000014594dc4a40 JavaThread "Active Thread: Equinox Container: 4d3bb417-bb1a-45b9-ba96-72433f49372c" [_thread_blocked, id=7256, stack(0x0000003100600000,0x0000003100700000)]
  0x00000145951aba60 JavaThread "Framework Event Dispatcher: Equinox Container: 4d3bb417-bb1a-45b9-ba96-72433f49372c" daemon [_thread_blocked, id=13024, stack(0x0000003100500000,0x0000003100600000)]
  0x0000014594dc11d0 JavaThread "Start Level: Equinox Container: 4d3bb417-bb1a-45b9-ba96-72433f49372c" daemon [_thread_blocked, id=15052, stack(0x0000003100700000,0x0000003100800000)]
  0x0000014595121b80 JavaThread "SCR Component Actor" daemon [_thread_blocked, id=3668, stack(0x0000003100800000,0x0000003100900000)]
  0x0000014594aae500 JavaThread "Worker-JM" [_thread_blocked, id=14684, stack(0x0000003100a00000,0x0000003100b00000)]
  0x0000014594aad5d0 JavaThread "Worker-0" [_thread_blocked, id=7820, stack(0x0000003100b00000,0x0000003100c00000)]
  0x0000014594aaad50 JavaThread "Worker-1" [_thread_blocked, id=9092, stack(0x0000003100c00000,0x0000003100d00000)]
  0x0000014594aadff0 JavaThread "JNA Cleaner" daemon [_thread_blocked, id=5116, stack(0x0000003100e00000,0x0000003100f00000)]
  0x0000014594aac190 JavaThread "pool-2-thread-1" [_thread_blocked, id=9488, stack(0x0000003101000000,0x0000003101100000)]
  0x0000014594aac6a0 JavaThread "WorkspaceEventsHandler" [_thread_blocked, id=2508, stack(0x0000003101100000,0x0000003101200000)]
  0x0000014594aad0c0 JavaThread "pool-1-thread-1" [_thread_in_native, id=14924, stack(0x0000003101200000,0x0000003101300000)]
  0x0000014594aab260 JavaThread "ForkJoinPool.commonPool-worker-1" daemon [_thread_blocked, id=16680, stack(0x0000003101300000,0x0000003101400000)]
  0x0000014594aadae0 JavaThread "ForkJoinPool.commonPool-worker-2" daemon [_thread_in_Java, id=2084, stack(0x0000003100900000,0x0000003100a00000)]
  0x0000014594aab770 JavaThread "ForkJoinPool.commonPool-worker-3" daemon [_thread_blocked, id=16200, stack(0x0000003101400000,0x0000003101500000)]
=>0x0000014594473030 JavaThread "C2 CompilerThread1" daemon [_thread_in_native, id=14728, stack(0x0000003101500000,0x0000003101600000)]

Other Threads:
  0x000001458f196290 VMThread "VM Thread" [stack: 0x000000317f500000,0x000000317f600000] [id=8592]
  0x000001459474bc00 WatcherThread [stack: 0x0000003100100000,0x0000003100200000] [id=15040]
  0x00000145f93b4c20 GCTaskThread "GC Thread#0" [stack: 0x000000317f400000,0x000000317f500000] [id=13268]
  0x000001459492f440 GCTaskThread "GC Thread#1" [stack: 0x0000003100200000,0x0000003100300000] [id=12452]
  0x0000014594d4ff20 GCTaskThread "GC Thread#2" [stack: 0x0000003100300000,0x0000003100400000] [id=17064]
  0x0000014594d501e0 GCTaskThread "GC Thread#3" [stack: 0x0000003100400000,0x0000003100500000] [id=17224]

Threads with active compile tasks:
C2 CompilerThread0    26665 4335   !   4       org.eclipse.osgi.internal.loader.classpath.ClasspathManager::findLocalClass (210 bytes)
C1 CompilerThread0    26665 4744       3       org.lombokweb.asm.ClassReader::readCode (5117 bytes)
C2 CompilerThread1    26665 4623       4       java.lang.invoke.MethodType::makeImpl (109 bytes)

VM state: not at safepoint (normal execution)

VM Mutex/Monitor currently owned by a thread: None

Heap address: 0x00000000c0000000, size: 1024 MB, Compressed Oops mode: 32-bit

CDS archive(s) not mapped
Compressed class space mapped at: 0x0000000100000000-0x0000000140000000, reserved size: 1073741824
Narrow klass base: 0x0000000000000000, Narrow klass shift: 3, Narrow klass range: 0x140000000

GC Precious Log:
 CPUs: 4 total, 4 available
 Memory: 8016M
 Large Page Support: Disabled
 NUMA Support: Disabled
 Compressed Oops: Enabled (32-bit)
 Alignments: Space 512K, Generation 512K, Heap 2M
 Heap Min Capacity: 100M
 Heap Initial Capacity: 100M
 Heap Max Capacity: 1G
 Pre-touch: Disabled
 Parallel Workers: 4

Heap:
 PSYoungGen      total 23552K, used 5370K [0x00000000eab00000, 0x00000000ec380000, 0x0000000100000000)
  eden space 22016K, 17% used [0x00000000eab00000,0x00000000eaec5590,0x00000000ec080000)
  from space 1536K, 98% used [0x00000000ec080000,0x00000000ec1f95e8,0x00000000ec200000)
  to   space 1024K, 0% used [0x00000000ec280000,0x00000000ec280000,0x00000000ec380000)
 ParOldGen       total 68608K, used 27019K [0x00000000c0000000, 0x00000000c4300000, 0x00000000eab00000)
  object space 68608K, 39% used [0x00000000c0000000,0x00000000c1a62cf8,0x00000000c4300000)
 Metaspace       used 44999K, committed 45696K, reserved 1114112K
  class space    used 4528K, committed 4864K, reserved 1048576K

Card table byte_map: [0x00000145fd9e0000,0x00000145fdbf0000] _byte_map_base: 0x00000145fd3e0000

Marking Bits: (ParMarkBitMap*) 0x00007ffd122c83a0
 Begin Bits: [0x00000145fdd50000, 0x00000145fed50000)
 End Bits:   [0x00000145fed50000, 0x00000145ffd50000)

Polling page: 0x00000145fd7d0000

Metaspace:

Usage:
  Non-class:     39.52 MB used.
      Class:      4.42 MB used.
       Both:     43.94 MB used.

Virtual space:
  Non-class space:       64.00 MB reserved,      39.88 MB ( 62%) committed,  1 nodes.
      Class space:        1.00 GB reserved,       4.75 MB ( <1%) committed,  1 nodes.
             Both:        1.06 GB reserved,      44.62 MB (  4%) committed. 

Chunk freelists:
   Non-Class:  7.81 MB
       Class:  11.13 MB
        Both:  18.94 MB

MaxMetaspaceSize: unlimited
CompressedClassSpaceSize: 1.00 GB
Initial GC threshold: 21.00 MB
Current GC threshold: 58.38 MB
CDS: off
MetaspaceReclaimPolicy: balanced
 - commit_granule_bytes: 65536.
 - commit_granule_words: 8192.
 - virtual_space_node_default_size: 8388608.
 - enlarge_chunks_in_place: 1.
 - new_chunks_are_fully_committed: 0.
 - uncommit_free_chunks: 1.
 - use_allocation_guard: 0.
 - handle_deallocations: 1.


Internal statistics:

num_allocs_failed_limit: 6.
num_arena_births: 414.
num_arena_deaths: 14.
num_vsnodes_births: 2.
num_vsnodes_deaths: 0.
num_space_committed: 714.
num_space_uncommitted: 0.
num_chunks_returned_to_freelist: 20.
num_chunks_taken_from_freelist: 1922.
num_chunk_merges: 10.
num_chunk_splits: 1252.
num_chunks_enlarged: 826.
num_inconsistent_stats: 0.

CodeHeap 'non-profiled nmethods': size=120000Kb used=2362Kb max_used=2362Kb free=117637Kb
 bounds [0x0000014587ad0000, 0x0000014587d40000, 0x000001458f000000]
CodeHeap 'profiled nmethods': size=120000Kb used=10492Kb max_used=10492Kb free=109507Kb
 bounds [0x0000014580000000, 0x0000014580a40000, 0x0000014587530000]
CodeHeap 'non-nmethods': size=5760Kb used=1319Kb max_used=1336Kb free=4440Kb
 bounds [0x0000014587530000, 0x00000145877a0000, 0x0000014587ad0000]
 total_blobs=5389 nmethods=4733 adapters=571
 compilation: enabled
              stopped_count=0, restarted_count=0
 full_count=0

Compilation events (20 events):
Event: 26.561 Thread 0x00000145f945d140 nmethod 4733 0x0000014580a36410 code [0x0000014580a36660, 0x0000014580a36dc8]
Event: 26.567 Thread 0x00000145f945d140 4734       3       java.util.regex.IntHashSet::<init> (42 bytes)
Event: 26.568 Thread 0x00000145f945d140 nmethod 4734 0x0000014580a37210 code [0x0000014580a373c0, 0x0000014580a37718]
Event: 26.568 Thread 0x00000145f945d140 4735       1       java.lang.invoke.ClassSpecializer$SpeciesData::getterFunctions (5 bytes)
Event: 26.568 Thread 0x00000145f945d140 nmethod 4735 0x0000014587d1e690 code [0x0000014587d1e820, 0x0000014587d1e8f8]
Event: 26.568 Thread 0x00000145f945d140 4736       3       java.util.Arrays::fill (28 bytes)
Event: 26.569 Thread 0x00000145f945d140 nmethod 4736 0x0000014580a37810 code [0x0000014580a379c0, 0x0000014580a37d08]
Event: 26.572 Thread 0x00000145f945d140 4737       3       java.lang.StackTraceElement::<init> (10 bytes)
Event: 26.573 Thread 0x00000145f945d140 nmethod 4737 0x0000014580a37e90 code [0x0000014580a38020, 0x0000014580a38198]
Event: 26.573 Thread 0x00000145f945d140 4738  s!   3       java.lang.StackTraceElement::computeFormat (71 bytes)
Event: 26.574 Thread 0x00000145f945d140 nmethod 4738 0x0000014580a38290 code [0x0000014580a384a0, 0x0000014580a38cf8]
Event: 26.574 Thread 0x00000145f945d140 4739       3       lombok.patcher.Hook::getMethodDescriptor (80 bytes)
Event: 26.575 Thread 0x00000145f945d140 nmethod 4739 0x0000014580a38f90 code [0x0000014580a39240, 0x0000014580a39d18]
Event: 26.575 Thread 0x00000145f945d140 4740       2       org.lombokweb.asm.ClassReader::readMethod (1066 bytes)
Event: 26.583 Thread 0x00000145f945d140 nmethod 4740 0x0000014580a3a090 code [0x0000014580a3a600, 0x0000014580a3cbc8]
Event: 26.583 Thread 0x00000145f945d140 4741       3       java.nio.charset.CoderResult::isOverflow (14 bytes)
Event: 26.584 Thread 0x00000145f945d140 nmethod 4741 0x0000014580a3e310 code [0x0000014580a3e4a0, 0x0000014580a3e618]
Event: 26.584 Thread 0x00000145f945d140 4742       3       java.util.stream.Nodes::flatten (70 bytes)
Event: 26.585 Thread 0x00000145f945d140 nmethod 4742 0x0000014580a3e690 code [0x0000014580a3e8c0, 0x0000014580a3f0b8]
Event: 26.588 Thread 0x00000145f945d140 4744       3       org.lombokweb.asm.ClassReader::readCode (5117 bytes)

GC Heap History (20 events):
Event: 19.528 GC heap before
{Heap before GC invocations=10 (full 2):
 PSYoungGen      total 27136K, used 2852K [0x00000000eab00000, 0x00000000ec980000, 0x0000000100000000)
  eden space 24064K, 0% used [0x00000000eab00000,0x00000000eab00000,0x00000000ec280000)
  from space 3072K, 92% used [0x00000000ec680000,0x00000000ec9493e0,0x00000000ec980000)
  to   space 3072K, 0% used [0x00000000ec380000,0x00000000ec380000,0x00000000ec680000)
 ParOldGen       total 68608K, used 8413K [0x00000000c0000000, 0x00000000c4300000, 0x00000000eab00000)
  object space 68608K, 12% used [0x00000000c0000000,0x00000000c0837750,0x00000000c4300000)
 Metaspace       used 35187K, committed 35840K, reserved 1114112K
  class space    used 3550K, committed 3840K, reserved 1048576K
}
Event: 19.578 GC heap after
{Heap after GC invocations=10 (full 2):
 PSYoungGen      total 27136K, used 0K [0x00000000eab00000, 0x00000000ec980000, 0x0000000100000000)
  eden space 24064K, 0% used [0x00000000eab00000,0x00000000eab00000,0x00000000ec280000)
  from space 3072K, 0% used [0x00000000ec680000,0x00000000ec680000,0x00000000ec980000)
  to   space 3072K, 0% used [0x00000000ec380000,0x00000000ec380000,0x00000000ec680000)
 ParOldGen       total 68608K, used 11047K [0x00000000c0000000, 0x00000000c4300000, 0x00000000eab00000)
  object space 68608K, 16% used [0x00000000c0000000,0x00000000c0ac9fb8,0x00000000c4300000)
 Metaspace       used 35187K, committed 35840K, reserved 1114112K
  class space    used 3550K, committed 3840K, reserved 1048576K
}
Event: 20.333 GC heap before
{Heap before GC invocations=11 (full 2):
 PSYoungGen      total 27136K, used 24063K [0x00000000eab00000, 0x00000000ec980000, 0x0000000100000000)
  eden space 24064K, 99% used [0x00000000eab00000,0x00000000ec27fff8,0x00000000ec280000)
  from space 3072K, 0% used [0x00000000ec680000,0x00000000ec680000,0x00000000ec980000)
  to   space 3072K, 0% used [0x00000000ec380000,0x00000000ec380000,0x00000000ec680000)
 ParOldGen       total 68608K, used 11047K [0x00000000c0000000, 0x00000000c4300000, 0x00000000eab00000)
  object space 68608K, 16% used [0x00000000c0000000,0x00000000c0ac9fb8,0x00000000c4300000)
 Metaspace       used 36512K, committed 37248K, reserved 1114112K
  class space    used 3705K, committed 4032K, reserved 1048576K
}
Event: 20.338 GC heap after
{Heap after GC invocations=11 (full 2):
 PSYoungGen      total 26112K, used 2208K [0x00000000eab00000, 0x00000000ec700000, 0x0000000100000000)
  eden space 23552K, 0% used [0x00000000eab00000,0x00000000eab00000,0x00000000ec200000)
  from space 2560K, 86% used [0x00000000ec380000,0x00000000ec5a8020,0x00000000ec600000)
  to   space 1024K, 0% used [0x00000000ec600000,0x00000000ec600000,0x00000000ec700000)
 ParOldGen       total 68608K, used 11055K [0x00000000c0000000, 0x00000000c4300000, 0x00000000eab00000)
  object space 68608K, 16% used [0x00000000c0000000,0x00000000c0acbfb8,0x00000000c4300000)
 Metaspace       used 36512K, committed 37248K, reserved 1114112K
  class space    used 3705K, committed 4032K, reserved 1048576K
}
Event: 21.029 GC heap before
{Heap before GC invocations=12 (full 2):
 PSYoungGen      total 26112K, used 25760K [0x00000000eab00000, 0x00000000ec700000, 0x0000000100000000)
  eden space 23552K, 100% used [0x00000000eab00000,0x00000000ec200000,0x00000000ec200000)
  from space 2560K, 86% used [0x00000000ec380000,0x00000000ec5a8020,0x00000000ec600000)
  to   space 1024K, 0% used [0x00000000ec600000,0x00000000ec600000,0x00000000ec700000)
 ParOldGen       total 68608K, used 11055K [0x00000000c0000000, 0x00000000c4300000, 0x00000000eab00000)
  object space 68608K, 16% used [0x00000000c0000000,0x00000000c0acbfb8,0x00000000c4300000)
 Metaspace       used 36710K, committed 37440K, reserved 1114112K
  class space    used 3724K, committed 4096K, reserved 1048576K
}
Event: 21.039 GC heap after
{Heap after GC invocations=12 (full 2):
 PSYoungGen      total 23552K, used 992K [0x00000000eab00000, 0x00000000ecb80000, 0x0000000100000000)
  eden space 22528K, 0% used [0x00000000eab00000,0x00000000eab00000,0x00000000ec100000)
  from space 1024K, 96% used [0x00000000ec600000,0x00000000ec6f8020,0x00000000ec700000)
  to   space 5120K, 0% used [0x00000000ec100000,0x00000000ec100000,0x00000000ec600000)
 ParOldGen       total 68608K, used 14391K [0x00000000c0000000, 0x00000000c4300000, 0x00000000eab00000)
  object space 68608K, 20% used [0x00000000c0000000,0x00000000c0e0dfb8,0x00000000c4300000)
 Metaspace       used 36710K, committed 37440K, reserved 1114112K
  class space    used 3724K, committed 4096K, reserved 1048576K
}
Event: 21.317 GC heap before
{Heap before GC invocations=13 (full 2):
 PSYoungGen      total 23552K, used 23520K [0x00000000eab00000, 0x00000000ecb80000, 0x0000000100000000)
  eden space 22528K, 100% used [0x00000000eab00000,0x00000000ec100000,0x00000000ec100000)
  from space 1024K, 96% used [0x00000000ec600000,0x00000000ec6f8020,0x00000000ec700000)
  to   space 5120K, 0% used [0x00000000ec100000,0x00000000ec100000,0x00000000ec600000)
 ParOldGen       total 68608K, used 14391K [0x00000000c0000000, 0x00000000c4300000, 0x00000000eab00000)
  object space 68608K, 20% used [0x00000000c0000000,0x00000000c0e0dfb8,0x00000000c4300000)
 Metaspace       used 36784K, committed 37504K, reserved 1114112K
  class space    used 3737K, committed 4096K, reserved 1048576K
}
Event: 21.325 GC heap after
{Heap after GC invocations=13 (full 2):
 PSYoungGen      total 25088K, used 2848K [0x00000000eab00000, 0x00000000ec780000, 0x0000000100000000)
  eden space 22016K, 0% used [0x00000000eab00000,0x00000000eab00000,0x00000000ec080000)
  from space 3072K, 92% used [0x00000000ec100000,0x00000000ec3c8020,0x00000000ec400000)
  to   space 3584K, 0% used [0x00000000ec400000,0x00000000ec400000,0x00000000ec780000)
 ParOldGen       total 68608K, used 15327K [0x00000000c0000000, 0x00000000c4300000, 0x00000000eab00000)
  object space 68608K, 22% used [0x00000000c0000000,0x00000000c0ef7fd8,0x00000000c4300000)
 Metaspace       used 36784K, committed 37504K, reserved 1114112K
  class space    used 3737K, committed 4096K, reserved 1048576K
}
Event: 21.455 GC heap before
{Heap before GC invocations=14 (full 2):
 PSYoungGen      total 25088K, used 24864K [0x00000000eab00000, 0x00000000ec780000, 0x0000000100000000)
  eden space 22016K, 100% used [0x00000000eab00000,0x00000000ec080000,0x00000000ec080000)
  from space 3072K, 92% used [0x00000000ec100000,0x00000000ec3c8020,0x00000000ec400000)
  to   space 3584K, 0% used [0x00000000ec400000,0x00000000ec400000,0x00000000ec780000)
 ParOldGen       total 68608K, used 15327K [0x00000000c0000000, 0x00000000c4300000, 0x00000000eab00000)
  object space 68608K, 22% used [0x00000000c0000000,0x00000000c0ef7fd8,0x00000000c4300000)
 Metaspace       used 36784K, committed 37504K, reserved 1114112K
  class space    used 3737K, committed 4096K, reserved 1048576K
}
Event: 21.462 GC heap after
{Heap after GC invocations=14 (full 2):
 PSYoungGen      total 24576K, used 2400K [0x00000000eab00000, 0x00000000ec680000, 0x0000000100000000)
  eden space 22016K, 0% used [0x00000000eab00000,0x00000000eab00000,0x00000000ec080000)
  from space 2560K, 93% used [0x00000000ec400000,0x00000000ec658000,0x00000000ec680000)
  to   space 3072K, 0% used [0x00000000ec080000,0x00000000ec080000,0x00000000ec380000)
 ParOldGen       total 68608K, used 18124K [0x00000000c0000000, 0x00000000c4300000, 0x00000000eab00000)
  object space 68608K, 26% used [0x00000000c0000000,0x00000000c11b3390,0x00000000c4300000)
 Metaspace       used 36784K, committed 37504K, reserved 1114112K
  class space    used 3737K, committed 4096K, reserved 1048576K
}
Event: 21.640 GC heap before
{Heap before GC invocations=15 (full 2):
 PSYoungGen      total 24576K, used 24416K [0x00000000eab00000, 0x00000000ec680000, 0x0000000100000000)
  eden space 22016K, 100% used [0x00000000eab00000,0x00000000ec080000,0x00000000ec080000)
  from space 2560K, 93% used [0x00000000ec400000,0x00000000ec658000,0x00000000ec680000)
  to   space 3072K, 0% used [0x00000000ec080000,0x00000000ec080000,0x00000000ec380000)
 ParOldGen       total 68608K, used 18124K [0x00000000c0000000, 0x00000000c4300000, 0x00000000eab00000)
  object space 68608K, 26% used [0x00000000c0000000,0x00000000c11b3390,0x00000000c4300000)
 Metaspace       used 36784K, committed 37504K, reserved 1114112K
  class space    used 3737K, committed 4096K, reserved 1048576K
}
Event: 21.649 GC heap after
{Heap after GC invocations=15 (full 2):
 PSYoungGen      total 24576K, used 2432K [0x00000000eab00000, 0x00000000ec580000, 0x0000000100000000)
  eden space 22016K, 0% used [0x00000000eab00000,0x00000000eab00000,0x00000000ec080000)
  from space 2560K, 95% used [0x00000000ec080000,0x00000000ec2e0010,0x00000000ec300000)
  to   space 2560K, 0% used [0x00000000ec300000,0x00000000ec300000,0x00000000ec580000)
 ParOldGen       total 68608K, used 20508K [0x00000000c0000000, 0x00000000c4300000, 0x00000000eab00000)
  object space 68608K, 29% used [0x00000000c0000000,0x00000000c1407390,0x00000000c4300000)
 Metaspace       used 36784K, committed 37504K, reserved 1114112K
  class space    used 3737K, committed 4096K, reserved 1048576K
}
Event: 23.144 GC heap before
{Heap before GC invocations=16 (full 2):
 PSYoungGen      total 24576K, used 24448K [0x00000000eab00000, 0x00000000ec580000, 0x0000000100000000)
  eden space 22016K, 100% used [0x00000000eab00000,0x00000000ec080000,0x00000000ec080000)
  from space 2560K, 95% used [0x00000000ec080000,0x00000000ec2e0010,0x00000000ec300000)
  to   space 2560K, 0% used [0x00000000ec300000,0x00000000ec300000,0x00000000ec580000)
 ParOldGen       total 68608K, used 20508K [0x00000000c0000000, 0x00000000c4300000, 0x00000000eab00000)
  object space 68608K, 29% used [0x00000000c0000000,0x00000000c1407390,0x00000000c4300000)
 Metaspace       used 39543K, committed 40320K, reserved 1114112K
  class space    used 4026K, committed 4416K, reserved 1048576K
}
Event: 23.150 GC heap after
{Heap after GC invocations=16 (full 2):
 PSYoungGen      total 24576K, used 1912K [0x00000000eab00000, 0x00000000ec580000, 0x0000000100000000)
  eden space 22016K, 0% used [0x00000000eab00000,0x00000000eab00000,0x00000000ec080000)
  from space 2560K, 74% used [0x00000000ec300000,0x00000000ec4de0a8,0x00000000ec580000)
  to   space 2560K, 0% used [0x00000000ec080000,0x00000000ec080000,0x00000000ec300000)
 ParOldGen       total 68608K, used 22897K [0x00000000c0000000, 0x00000000c4300000, 0x00000000eab00000)
  object space 68608K, 33% used [0x00000000c0000000,0x00000000c165c6f8,0x00000000c4300000)
 Metaspace       used 39543K, committed 40320K, reserved 1114112K
  class space    used 4026K, committed 4416K, reserved 1048576K
}
Event: 23.967 GC heap before
{Heap before GC invocations=17 (full 2):
 PSYoungGen      total 24576K, used 23928K [0x00000000eab00000, 0x00000000ec580000, 0x0000000100000000)
  eden space 22016K, 100% used [0x00000000eab00000,0x00000000ec080000,0x00000000ec080000)
  from space 2560K, 74% used [0x00000000ec300000,0x00000000ec4de0a8,0x00000000ec580000)
  to   space 2560K, 0% used [0x00000000ec080000,0x00000000ec080000,0x00000000ec300000)
 ParOldGen       total 68608K, used 22897K [0x00000000c0000000, 0x00000000c4300000, 0x00000000eab00000)
  object space 68608K, 33% used [0x00000000c0000000,0x00000000c165c6f8,0x00000000c4300000)
 Metaspace       used 40476K, committed 41216K, reserved 1114112K
  class space    used 4144K, committed 4480K, reserved 1048576K
}
Event: 23.972 GC heap after
{Heap after GC invocations=17 (full 2):
 PSYoungGen      total 22528K, used 384K [0x00000000eab00000, 0x00000000ec380000, 0x0000000100000000)
  eden space 22016K, 0% used [0x00000000eab00000,0x00000000eab00000,0x00000000ec080000)
  from space 512K, 75% used [0x00000000ec080000,0x00000000ec0e0010,0x00000000ec100000)
  to   space 1024K, 0% used [0x00000000ec280000,0x00000000ec280000,0x00000000ec380000)
 ParOldGen       total 68608K, used 24690K [0x00000000c0000000, 0x00000000c4300000, 0x00000000eab00000)
  object space 68608K, 35% used [0x00000000c0000000,0x00000000c181ca60,0x00000000c4300000)
 Metaspace       used 40476K, committed 41216K, reserved 1114112K
  class space    used 4144K, committed 4480K, reserved 1048576K
}
Event: 25.482 GC heap before
{Heap before GC invocations=18 (full 2):
 PSYoungGen      total 22528K, used 22398K [0x00000000eab00000, 0x00000000ec380000, 0x0000000100000000)
  eden space 22016K, 99% used [0x00000000eab00000,0x00000000ec07fa48,0x00000000ec080000)
  from space 512K, 75% used [0x00000000ec080000,0x00000000ec0e0010,0x00000000ec100000)
  to   space 1024K, 0% used [0x00000000ec280000,0x00000000ec280000,0x00000000ec380000)
 ParOldGen       total 68608K, used 24690K [0x00000000c0000000, 0x00000000c4300000, 0x00000000eab00000)
  object space 68608K, 35% used [0x00000000c0000000,0x00000000c181ca60,0x00000000c4300000)
 Metaspace       used 43172K, committed 43968K, reserved 1114112K
  class space    used 4359K, committed 4736K, reserved 1048576K
}
Event: 25.485 GC heap after
{Heap after GC invocations=18 (full 2):
 PSYoungGen      total 23040K, used 960K [0x00000000eab00000, 0x00000000ec380000, 0x0000000100000000)
  eden space 22016K, 0% used [0x00000000eab00000,0x00000000eab00000,0x00000000ec080000)
  from space 1024K, 93% used [0x00000000ec280000,0x00000000ec370000,0x00000000ec380000)
  to   space 1536K, 0% used [0x00000000ec080000,0x00000000ec080000,0x00000000ec200000)
 ParOldGen       total 68608K, used 24922K [0x00000000c0000000, 0x00000000c4300000, 0x00000000eab00000)
  object space 68608K, 36% used [0x00000000c0000000,0x00000000c1856a60,0x00000000c4300000)
 Metaspace       used 43172K, committed 43968K, reserved 1114112K
  class space    used 4359K, committed 4736K, reserved 1048576K
}
Event: 26.536 GC heap before
{Heap before GC invocations=19 (full 2):
 PSYoungGen      total 23040K, used 22976K [0x00000000eab00000, 0x00000000ec380000, 0x0000000100000000)
  eden space 22016K, 100% used [0x00000000eab00000,0x00000000ec080000,0x00000000ec080000)
  from space 1024K, 93% used [0x00000000ec280000,0x00000000ec370000,0x00000000ec380000)
  to   space 1536K, 0% used [0x00000000ec080000,0x00000000ec080000,0x00000000ec200000)
 ParOldGen       total 68608K, used 24922K [0x00000000c0000000, 0x00000000c4300000, 0x00000000eab00000)
  object space 68608K, 36% used [0x00000000c0000000,0x00000000c1856a60,0x00000000c4300000)
 Metaspace       used 44942K, committed 45632K, reserved 1114112K
  class space    used 4521K, committed 4864K, reserved 1048576K
}
Event: 26.545 GC heap after
{Heap after GC invocations=19 (full 2):
 PSYoungGen      total 23552K, used 1509K [0x00000000eab00000, 0x00000000ec380000, 0x0000000100000000)
  eden space 22016K, 0% used [0x00000000eab00000,0x00000000eab00000,0x00000000ec080000)
  from space 1536K, 98% used [0x00000000ec080000,0x00000000ec1f95e8,0x00000000ec200000)
  to   space 1024K, 0% used [0x00000000ec280000,0x00000000ec280000,0x00000000ec380000)
 ParOldGen       total 68608K, used 27019K [0x00000000c0000000, 0x00000000c4300000, 0x00000000eab00000)
  object space 68608K, 39% used [0x00000000c0000000,0x00000000c1a62cf8,0x00000000c4300000)
 Metaspace       used 44942K, committed 45632K, reserved 1114112K
  class space    used 4521K, committed 4864K, reserved 1048576K
}

Dll operation events (10 events):
Event: 0.262 Loaded shared library c:\Users\AS\.vscode\extensions\redhat.java-1.24.0-win32-x64\jre\17.0.8.1-win32-x86_64\bin\java.dll
Event: 0.918 Loaded shared library c:\Users\AS\.vscode\extensions\redhat.java-1.24.0-win32-x64\jre\17.0.8.1-win32-x86_64\bin\zip.dll
Event: 0.930 Loaded shared library C:\Users\AS\.vscode\extensions\redhat.java-1.24.0-win32-x64\jre\17.0.8.1-win32-x86_64\bin\instrument.dll
Event: 1.045 Loaded shared library C:\Users\AS\.vscode\extensions\redhat.java-1.24.0-win32-x64\jre\17.0.8.1-win32-x86_64\bin\net.dll
Event: 1.134 Loaded shared library C:\Users\AS\.vscode\extensions\redhat.java-1.24.0-win32-x64\jre\17.0.8.1-win32-x86_64\bin\nio.dll
Event: 1.159 Loaded shared library C:\Users\AS\.vscode\extensions\redhat.java-1.24.0-win32-x64\jre\17.0.8.1-win32-x86_64\bin\zip.dll
Event: 1.218 Loaded shared library C:\Users\AS\.vscode\extensions\redhat.java-1.24.0-win32-x64\jre\17.0.8.1-win32-x86_64\bin\jimage.dll
Event: 1.520 Loaded shared library c:\Users\AS\.vscode\extensions\redhat.java-1.24.0-win32-x64\jre\17.0.8.1-win32-x86_64\bin\verify.dll
Event: 13.086 Loaded shared library C:\Users\AS\AppData\Roaming\Code\User\globalStorage\redhat.java\1.24.0\config_ss_win\org.eclipse.equinox.launcher\org.eclipse.equinox.launcher.win32.win32.x86_64_1.2.700.v20221108-1024\eclipse_11801.dll
Event: 18.241 Loaded shared library C:\Users\AS\AppData\Local\Temp\jna-2098\jna8705848675699517779.dll

Deoptimization events (20 events):
Event: 26.556 Thread 0x0000014594aaad50 Uncommon trap: trap_request=0xffffff45 fr.pc=0x0000014587cf288c relative=0x000000000000008c
Event: 26.556 Thread 0x0000014594aaad50 Uncommon trap: reason=unstable_if action=reinterpret pc=0x0000014587cf288c method=java.util.Hashtable$Enumerator.nextElement()Ljava/lang/Object; @ 87 c2
Event: 26.556 Thread 0x0000014594aaad50 DEOPT PACKING pc=0x0000014587cf288c sp=0x0000003100cfea80
Event: 26.556 Thread 0x0000014594aaad50 DEOPT UNPACKING pc=0x000001458758669d sp=0x0000003100cfea00 mode 2
Event: 26.561 Thread 0x0000014594aadae0 Uncommon trap: trap_request=0xffffffde fr.pc=0x0000014587bc619c relative=0x000000000000833c
Event: 26.561 Thread 0x0000014594aadae0 Uncommon trap: reason=class_check action=maybe_recompile pc=0x0000014587bc619c method=lombok.patcher.PatchScript$MethodPatcher.visitMethod(ILjava/lang/String;Ljava/lang/String;Ljava/lang/String;[Ljava/lang/String;)Lorg/lombokweb/asm/MethodVisitor; @ 101 c
Event: 26.561 Thread 0x0000014594aadae0 DEOPT PACKING pc=0x0000014587bc619c sp=0x00000031009fbf60
Event: 26.561 Thread 0x0000014594aadae0 DEOPT UNPACKING pc=0x000001458758669d sp=0x00000031009fbf08 mode 2
Event: 26.562 Thread 0x0000014594aadae0 Uncommon trap: trap_request=0xffffffde fr.pc=0x0000014587bc619c relative=0x000000000000833c
Event: 26.562 Thread 0x0000014594aadae0 Uncommon trap: reason=class_check action=maybe_recompile pc=0x0000014587bc619c method=lombok.patcher.PatchScript$MethodPatcher.visitMethod(ILjava/lang/String;Ljava/lang/String;Ljava/lang/String;[Ljava/lang/String;)Lorg/lombokweb/asm/MethodVisitor; @ 101 c
Event: 26.562 Thread 0x0000014594aadae0 DEOPT PACKING pc=0x0000014587bc619c sp=0x00000031009fbf60
Event: 26.562 Thread 0x0000014594aadae0 DEOPT UNPACKING pc=0x000001458758669d sp=0x00000031009fbf08 mode 2
Event: 26.562 Thread 0x0000014594aadae0 Uncommon trap: trap_request=0xffffffde fr.pc=0x0000014587bc619c relative=0x000000000000833c
Event: 26.562 Thread 0x0000014594aadae0 Uncommon trap: reason=class_check action=maybe_recompile pc=0x0000014587bc619c method=lombok.patcher.PatchScript$MethodPatcher.visitMethod(ILjava/lang/String;Ljava/lang/String;Ljava/lang/String;[Ljava/lang/String;)Lorg/lombokweb/asm/MethodVisitor; @ 101 c
Event: 26.562 Thread 0x0000014594aadae0 DEOPT PACKING pc=0x0000014587bc619c sp=0x00000031009fbf60
Event: 26.562 Thread 0x0000014594aadae0 DEOPT UNPACKING pc=0x000001458758669d sp=0x00000031009fbf08 mode 2
Event: 26.562 Thread 0x0000014594aadae0 Uncommon trap: trap_request=0xffffffde fr.pc=0x0000014587bc619c relative=0x000000000000833c
Event: 26.562 Thread 0x0000014594aadae0 Uncommon trap: reason=class_check action=maybe_recompile pc=0x0000014587bc619c method=lombok.patcher.PatchScript$MethodPatcher.visitMethod(ILjava/lang/String;Ljava/lang/String;Ljava/lang/String;[Ljava/lang/String;)Lorg/lombokweb/asm/MethodVisitor; @ 101 c
Event: 26.562 Thread 0x0000014594aadae0 DEOPT PACKING pc=0x0000014587bc619c sp=0x00000031009fbf60
Event: 26.562 Thread 0x0000014594aadae0 DEOPT UNPACKING pc=0x000001458758669d sp=0x00000031009fbf08 mode 2

Classes unloaded (7 events):
Event: 15.115 Thread 0x000001458f196290 Unloading class 0x000000010021a000 'java/lang/invoke/LambdaForm$MH+0x000000010021a000'
Event: 15.115 Thread 0x000001458f196290 Unloading class 0x0000000100219c00 'java/lang/invoke/LambdaForm$MH+0x0000000100219c00'
Event: 15.115 Thread 0x000001458f196290 Unloading class 0x0000000100219800 'java/lang/invoke/LambdaForm$MH+0x0000000100219800'
Event: 15.115 Thread 0x000001458f196290 Unloading class 0x0000000100219400 'java/lang/invoke/LambdaForm$MH+0x0000000100219400'
Event: 15.115 Thread 0x000001458f196290 Unloading class 0x0000000100219000 'java/lang/invoke/LambdaForm$BMH+0x0000000100219000'
Event: 15.115 Thread 0x000001458f196290 Unloading class 0x0000000100218c00 'java/lang/invoke/LambdaForm$DMH+0x0000000100218c00'
Event: 15.115 Thread 0x000001458f196290 Unloading class 0x0000000100216000 'java/lang/invoke/LambdaForm$DMH+0x0000000100216000'

Classes redefined (0 events):
No events

Internal exceptions (20 events):
Event: 19.000 Thread 0x00000145f939a960 Exception <a 'java/lang/IncompatibleClassChangeError'{0x00000000eb487848}: Found class java.lang.Object, but interface was expected> (0x00000000eb487848) 
thrown [s\src\hotspot\share\interpreter\linkResolver.cpp, line 826]
Event: 19.332 Thread 0x0000014594aad0c0 Exception <a 'java/io/FileNotFoundException'{0x00000000eba91808}> (0x00000000eba91808) 
thrown [s\src\hotspot\share\prims\jni.cpp, line 516]
Event: 19.445 Thread 0x0000014594aad0c0 Exception <a 'sun/nio/fs/WindowsException'{0x00000000ebc40200}> (0x00000000ebc40200) 
thrown [s\src\hotspot\share\prims\jni.cpp, line 516]
Event: 19.451 Thread 0x0000014594aaad50 Exception <a 'java/io/FileNotFoundException'{0x00000000ebc5a7c8}> (0x00000000ebc5a7c8) 
thrown [s\src\hotspot\share\prims\jni.cpp, line 516]
Event: 19.452 Thread 0x0000014594aaad50 Exception <a 'java/io/FileNotFoundException'{0x00000000ebc5b7b8}> (0x00000000ebc5b7b8) 
thrown [s\src\hotspot\share\prims\jni.cpp, line 516]
Event: 19.691 Thread 0x0000014594aad0c0 Exception <a 'java/lang/NoSuchMethodError'{0x00000000eae28338}: 'int java.lang.invoke.DirectMethodHandle$Holder.invokeVirtual(java.lang.Object, java.lang.Object)'> (0x00000000eae28338) 
thrown [s\src\hotspot\share\interpreter\linkResolver.cpp, line 759]
Event: 19.712 Thread 0x0000014594aad5d0 Exception <a 'java/lang/NoSuchMethodError'{0x00000000eae65020}: 'java.lang.Object java.lang.invoke.Invokers$Holder.invoke_MT(java.lang.Object, java.lang.Object, java.lang.Object)'> (0x00000000eae65020) 
thrown [s\src\hotspot\share\interpreter\linkResolver.cpp, line 759]
Event: 20.407 Thread 0x0000014594aad5d0 Exception <a 'java/io/FileNotFoundException'{0x00000000ead10580}> (0x00000000ead10580) 
thrown [s\src\hotspot\share\prims\jni.cpp, line 516]
Event: 20.408 Thread 0x0000014594aad5d0 Exception <a 'java/io/FileNotFoundException'{0x00000000ead11a80}> (0x00000000ead11a80) 
thrown [s\src\hotspot\share\prims\jni.cpp, line 516]
Event: 20.412 Thread 0x0000014594aad5d0 Exception <a 'java/lang/NoSuchMethodError'{0x00000000ead1dc10}: 'void java.lang.invoke.DirectMethodHandle$Holder.invokeStaticInit(java.lang.Object, java.lang.Object, java.lang.Object)'> (0x00000000ead1dc10) 
thrown [s\src\hotspot\share\interpreter\linkResolver.cpp, line 759]
Event: 22.041 Thread 0x0000014594aad0c0 Exception <a 'java/lang/NoSuchMethodError'{0x00000000eb040398}: 'java.lang.Object java.lang.invoke.DirectMethodHandle$Holder.invokeInterface(java.lang.Object, java.lang.Object, java.lang.Object)'> (0x00000000eb040398) 
thrown [s\src\hotspot\share\interpreter\linkResolver.cpp, line 759]
Event: 23.009 Thread 0x0000014594aad0c0 Exception <a 'java/lang/LinkageError'{0x00000000ec00aad8}: loader lombok.launch.ShadowClassLoader @7c4a50a attempted duplicate class definition for lombok.launch.PatchFixesHider$Transform. (lombok.launch.PatchFixesHider$Transform is in unnamed module of loader lombok.launch.ShadowClassLoader @7c4a50a, parent loader org.eclipse.osgi.internal.loader.EquinoxClassLoader @4b31dff0)> (0x00000000ec00aad8) 
thrown [s\src\hotspot\share\classfile\systemDictionary.cpp, line 1724]
Event: 23.987 Thread 0x0000014594aab260 Implicit null exception at 0x0000014587cd414f to 0x0000014587cd4dcc
Event: 25.312 Thread 0x0000014594aab770 Exception <a 'java/lang/ArrayIndexOutOfBoundsException'{0x00000000ebce3098}> (0x00000000ebce3098) 
thrown [s\src\hotspot\share\runtime\sharedRuntime.cpp, line 628]
Event: 25.573 Thread 0x0000014594aadae0 Exception <a 'java/lang/NoSuchMethodError'{0x00000000eac4cfa0}: 'int java.lang.invoke.DirectMethodHandle$Holder.invokeStatic(java.lang.Object, java.lang.Object, java.lang.Object, int)'> (0x00000000eac4cfa0) 
thrown [s\src\hotspot\share\interpreter\linkResolver.cpp, line 759]
Event: 25.621 Thread 0x0000014594aadae0 Exception <a 'java/lang/NoSuchMethodError'{0x00000000eacf86c8}: 'int java.lang.invoke.DirectMethodHandle$Holder.invokeVirtual(java.lang.Object, java.lang.Object, java.lang.Object)'> (0x00000000eacf86c8) 
thrown [s\src\hotspot\share\interpreter\linkResolver.cpp, line 759]
Event: 25.637 Thread 0x0000014594aadae0 Exception <a 'java/lang/NoSuchMethodError'{0x00000000ead19ae8}: 'int java.lang.invoke.DirectMethodHandle$Holder.invokeSpecialIFC(java.lang.Object, java.lang.Object, java.lang.Object)'> (0x00000000ead19ae8) 
thrown [s\src\hotspot\share\interpreter\linkResolver.cpp, line 759]
Event: 25.810 Thread 0x0000014594aadae0 Exception <a 'java/io/FileNotFoundException'{0x00000000eaf82120}> (0x00000000eaf82120) 
thrown [s\src\hotspot\share\prims\jni.cpp, line 516]
Event: 26.336 Thread 0x0000014594aaad50 Exception <a 'java/io/FileNotFoundException'{0x00000000eb8a0a50}> (0x00000000eb8a0a50) 
thrown [s\src\hotspot\share\prims\jni.cpp, line 516]
Event: 26.337 Thread 0x0000014594aaad50 Exception <a 'java/io/FileNotFoundException'{0x00000000eb8a1a58}> (0x00000000eb8a1a58) 
thrown [s\src\hotspot\share\prims\jni.cpp, line 516]

VM Operations (20 events):
Event: 23.967 Executing VM operation: ParallelGCFailedAllocation
Event: 23.972 Executing VM operation: ParallelGCFailedAllocation done
Event: 24.309 Executing VM operation: HandshakeAllThreads
Event: 24.310 Executing VM operation: HandshakeAllThreads done
Event: 25.309 Executing VM operation: Cleanup
Event: 25.309 Executing VM operation: Cleanup done
Event: 25.338 Executing VM operation: HandshakeAllThreads
Event: 25.338 Executing VM operation: HandshakeAllThreads done
Event: 25.482 Executing VM operation: ParallelGCFailedAllocation
Event: 25.485 Executing VM operation: ParallelGCFailedAllocation done
Event: 25.643 Executing VM operation: HandshakeAllThreads
Event: 25.643 Executing VM operation: HandshakeAllThreads done
Event: 25.840 Executing VM operation: HandshakeAllThreads
Event: 25.840 Executing VM operation: HandshakeAllThreads done
Event: 26.073 Executing VM operation: HandshakeAllThreads
Event: 26.073 Executing VM operation: HandshakeAllThreads done
Event: 26.455 Executing VM operation: ICBufferFull
Event: 26.455 Executing VM operation: ICBufferFull done
Event: 26.535 Executing VM operation: ParallelGCFailedAllocation
Event: 26.546 Executing VM operation: ParallelGCFailedAllocation done

Events (20 events):
Event: 24.839 Thread 0x0000014594aab770 Thread added: 0x0000014594aab770
Event: 25.350 loading class java/lang/UnsupportedClassVersionError
Event: 25.350 loading class java/lang/UnsupportedClassVersionError done
Event: 25.369 loading class jdk/internal/reflect/UnsafeQualifiedStaticIntegerFieldAccessorImpl
Event: 25.369 loading class jdk/internal/reflect/UnsafeQualifiedStaticIntegerFieldAccessorImpl done
Event: 25.426 loading class java/util/stream/MatchOps$MatchKind
Event: 25.426 loading class java/util/stream/MatchOps$MatchKind done
Event: 25.427 loading class java/util/stream/MatchOps
Event: 25.427 loading class java/util/stream/MatchOps done
Event: 25.427 loading class java/util/stream/MatchOps$MatchOp
Event: 25.427 loading class java/util/stream/MatchOps$MatchOp done
Event: 25.428 loading class java/util/stream/MatchOps$BooleanTerminalSink
Event: 25.428 loading class java/util/stream/MatchOps$BooleanTerminalSink done
Event: 25.429 loading class java/util/stream/MatchOps$1MatchSink
Event: 25.429 loading class java/util/stream/MatchOps$1MatchSink done
Event: 25.446 Thread 0x0000014594473030 Thread added: 0x0000014594473030
Event: 25.623 loading class java/util/stream/ReduceOps$4
Event: 25.626 loading class java/util/stream/ReduceOps$4 done
Event: 25.626 loading class java/util/stream/ReduceOps$4ReducingSink
Event: 25.626 loading class java/util/stream/ReduceOps$4ReducingSink done


Dynamic libraries:
0x00007ff624bd0000 - 0x00007ff624bde000 	c:\Users\AS\.vscode\extensions\redhat.java-1.24.0-win32-x64\jre\17.0.8.1-win32-x86_64\bin\java.exe
0x00007ffd50350000 - 0x00007ffd50547000 	C:\Windows\SYSTEM32\ntdll.dll
0x00007ffd4ff70000 - 0x00007ffd5002d000 	C:\Windows\System32\KERNEL32.DLL
0x00007ffd4da30000 - 0x00007ffd4dd26000 	C:\Windows\System32\KERNELBASE.dll
0x00007ffd4e150000 - 0x00007ffd4e250000 	C:\Windows\System32\ucrtbase.dll
0x00007ffd48cc0000 - 0x00007ffd48cd7000 	c:\Users\AS\.vscode\extensions\redhat.java-1.24.0-win32-x64\jre\17.0.8.1-win32-x86_64\bin\jli.dll
0x00007ffd4f700000 - 0x00007ffd4f89e000 	C:\Windows\System32\USER32.dll
0x00007ffd4dfb0000 - 0x00007ffd4dfd2000 	C:\Windows\System32\win32u.dll
0x00007ffd4ed40000 - 0x00007ffd4ed6c000 	C:\Windows\System32\GDI32.dll
0x00007ffd4dfe0000 - 0x00007ffd4e0fa000 	C:\Windows\System32\gdi32full.dll
0x00007ffd4dea0000 - 0x00007ffd4df3d000 	C:\Windows\System32\msvcp_win.dll
0x00007ffd46a00000 - 0x00007ffd46a19000 	c:\Users\AS\.vscode\extensions\redhat.java-1.24.0-win32-x64\jre\17.0.8.1-win32-x86_64\bin\VCRUNTIME140.dll
0x00007ffd399a0000 - 0x00007ffd39c3a000 	C:\Windows\WinSxS\amd64_microsoft.windows.common-controls_6595b64144ccf1df_6.0.19041.3570_none_60bb2a3971f3e41a\COMCTL32.dll
0x00007ffd4f4c0000 - 0x00007ffd4f55e000 	C:\Windows\System32\msvcrt.dll
0x00007ffd4f2d0000 - 0x00007ffd4f300000 	C:\Windows\System32\IMM32.DLL
0x00007ffd48bb0000 - 0x00007ffd48bbc000 	c:\Users\AS\.vscode\extensions\redhat.java-1.24.0-win32-x64\jre\17.0.8.1-win32-x86_64\bin\vcruntime140_1.dll
0x00007ffd1cbf0000 - 0x00007ffd1cc81000 	c:\Users\AS\.vscode\extensions\redhat.java-1.24.0-win32-x64\jre\17.0.8.1-win32-x86_64\bin\msvcp140.dll
0x00007ffd11740000 - 0x00007ffd1238c000 	c:\Users\AS\.vscode\extensions\redhat.java-1.24.0-win32-x64\jre\17.0.8.1-win32-x86_64\bin\server\jvm.dll
0x00007ffd50260000 - 0x00007ffd5030e000 	C:\Windows\System32\ADVAPI32.dll
0x00007ffd4ec90000 - 0x00007ffd4ed2c000 	C:\Windows\System32\sechost.dll
0x00007ffd4f560000 - 0x00007ffd4f686000 	C:\Windows\System32\RPCRT4.dll
0x00007ffd4cfe0000 - 0x00007ffd4d02b000 	C:\Windows\SYSTEM32\POWRPROF.dll
0x00007ffd3a470000 - 0x00007ffd3a479000 	C:\Windows\SYSTEM32\WSOCK32.dll
0x00007ffd4fe50000 - 0x00007ffd4febb000 	C:\Windows\System32\WS2_32.dll
0x00007ffd33720000 - 0x00007ffd33747000 	C:\Windows\SYSTEM32\WINMM.dll
0x00007ffd3e340000 - 0x00007ffd3e34a000 	C:\Windows\SYSTEM32\VERSION.dll
0x00007ffd4ce50000 - 0x00007ffd4ce62000 	C:\Windows\SYSTEM32\UMPDC.dll
0x00007ffd4c260000 - 0x00007ffd4c272000 	C:\Windows\SYSTEM32\kernel.appcore.dll
0x00007ffd48b90000 - 0x00007ffd48b9a000 	c:\Users\AS\.vscode\extensions\redhat.java-1.24.0-win32-x64\jre\17.0.8.1-win32-x86_64\bin\jimage.dll
0x00007ffd4bf80000 - 0x00007ffd4c164000 	C:\Windows\SYSTEM32\DBGHELP.DLL
0x00007ffd3ab20000 - 0x00007ffd3ab54000 	C:\Windows\SYSTEM32\dbgcore.DLL
0x00007ffd4dde0000 - 0x00007ffd4de62000 	C:\Windows\System32\bcryptPrimitives.dll
0x00007ffd47270000 - 0x00007ffd4727e000 	c:\Users\AS\.vscode\extensions\redhat.java-1.24.0-win32-x64\jre\17.0.8.1-win32-x86_64\bin\instrument.dll
0x00007ffd44c50000 - 0x00007ffd44c75000 	c:\Users\AS\.vscode\extensions\redhat.java-1.24.0-win32-x64\jre\17.0.8.1-win32-x86_64\bin\java.dll
0x00007ffd45610000 - 0x00007ffd45628000 	c:\Users\AS\.vscode\extensions\redhat.java-1.24.0-win32-x64\jre\17.0.8.1-win32-x86_64\bin\zip.dll
0x00007ffd4e540000 - 0x00007ffd4ec84000 	C:\Windows\System32\SHELL32.dll
0x00007ffd4b710000 - 0x00007ffd4beab000 	C:\Windows\SYSTEM32\windows.storage.dll
0x00007ffd4faf0000 - 0x00007ffd4fe44000 	C:\Windows\System32\combase.dll
0x00007ffd4d470000 - 0x00007ffd4d49d000 	C:\Windows\SYSTEM32\Wldp.dll
0x00007ffd4e410000 - 0x00007ffd4e4bd000 	C:\Windows\System32\SHCORE.dll
0x00007ffd50030000 - 0x00007ffd50085000 	C:\Windows\System32\shlwapi.dll
0x00007ffd4d960000 - 0x00007ffd4d985000 	C:\Windows\SYSTEM32\profapi.dll
0x00007ffd45020000 - 0x00007ffd45039000 	C:\Users\AS\.vscode\extensions\redhat.java-1.24.0-win32-x64\jre\17.0.8.1-win32-x86_64\bin\net.dll
0x00007ffd3e0b0000 - 0x00007ffd3e1ba000 	C:\Windows\SYSTEM32\WINHTTP.dll
0x00007ffd4d1d0000 - 0x00007ffd4d23a000 	C:\Windows\system32\mswsock.dll
0x00007ffd44c30000 - 0x00007ffd44c45000 	C:\Users\AS\.vscode\extensions\redhat.java-1.24.0-win32-x64\jre\17.0.8.1-win32-x86_64\bin\nio.dll
0x00007ffd47100000 - 0x00007ffd47110000 	c:\Users\AS\.vscode\extensions\redhat.java-1.24.0-win32-x64\jre\17.0.8.1-win32-x86_64\bin\verify.dll
0x00007ffd44bf0000 - 0x00007ffd44c2e000 	C:\Users\AS\AppData\Roaming\Code\User\globalStorage\redhat.java\1.24.0\config_ss_win\org.eclipse.equinox.launcher\org.eclipse.equinox.launcher.win32.win32.x86_64_1.2.700.v20221108-1024\eclipse_11801.dll
0x00007ffd4f9c0000 - 0x00007ffd4faeb000 	C:\Windows\System32\ole32.dll
0x00007ffd4d3c0000 - 0x00007ffd4d3d8000 	C:\Windows\SYSTEM32\CRYPTSP.dll
0x00007ffd4ca70000 - 0x00007ffd4caa4000 	C:\Windows\system32\rsaenh.dll
0x00007ffd4de70000 - 0x00007ffd4de97000 	C:\Windows\System32\bcrypt.dll
0x00007ffd4d8e0000 - 0x00007ffd4d90e000 	C:\Windows\SYSTEM32\USERENV.dll
0x00007ffd4d3e0000 - 0x00007ffd4d3ec000 	C:\Windows\SYSTEM32\CRYPTBASE.dll
0x00007ffd4ce70000 - 0x00007ffd4ceab000 	C:\Windows\SYSTEM32\IPHLPAPI.DLL
0x00007ffd4f690000 - 0x00007ffd4f698000 	C:\Windows\System32\NSI.dll
0x00007ffd44310000 - 0x00007ffd44327000 	C:\Windows\SYSTEM32\dhcpcsvc6.DLL
0x00007ffd442e0000 - 0x00007ffd442fd000 	C:\Windows\SYSTEM32\dhcpcsvc.DLL
0x00007ffd4cec0000 - 0x00007ffd4cf8a000 	C:\Windows\SYSTEM32\DNSAPI.dll
0x00007ffd3b670000 - 0x00007ffd3b6b5000 	C:\Users\AS\AppData\Local\Temp\jna-2098\jna8705848675699517779.dll
0x00007ffd4ed30000 - 0x00007ffd4ed38000 	C:\Windows\System32\PSAPI.DLL

dbghelp: loaded successfully - version: 4.0.5 - missing functions: none
symbol engine: initialized successfully - sym options: 0x614 - pdb path: .;c:\Users\AS\.vscode\extensions\redhat.java-1.24.0-win32-x64\jre\17.0.8.1-win32-x86_64\bin;C:\Windows\SYSTEM32;C:\Windows\WinSxS\amd64_microsoft.windows.common-controls_6595b64144ccf1df_6.0.19041.3570_none_60bb2a3971f3e41a;c:\Users\AS\.vscode\extensions\redhat.java-1.24.0-win32-x64\jre\17.0.8.1-win32-x86_64\bin\server;C:\Users\AS\AppData\Roaming\Code\User\globalStorage\redhat.java\1.24.0\config_ss_win\org.eclipse.equinox.launcher\org.eclipse.equinox.launcher.win32.win32.x86_64_1.2.700.v20221108-1024;C:\Users\AS\AppData\Local\Temp\jna-2098

VM Arguments:
jvm_args: --add-modules=ALL-SYSTEM --add-opens=java.base/java.util=ALL-UNNAMED --add-opens=java.base/java.lang=ALL-UNNAMED --add-opens=java.base/sun.nio.fs=ALL-UNNAMED -Declipse.application=org.eclipse.jdt.ls.core.id1 -Dosgi.bundles.defaultStartLevel=4 -Declipse.product=org.eclipse.jdt.ls.core.product -Djava.import.generatesMetadataFilesAtProjectRoot=false -DDetectVMInstallationsJob.disabled=true -Dfile.encoding=utf8 -XX:+UseParallelGC -XX:GCTimeRatio=4 -XX:AdaptiveSizePolicyWeight=90 -Dsun.zip.disableMemoryMapping=true -Xmx1G -Xms100m -Xlog:disable -javaagent:c:\Users\AS\.vscode\extensions\redhat.java-1.24.0-win32-x64\lombok\lombok-1.18.30.jar 
java_command: c:\Users\AS\.vscode\extensions\redhat.java-1.24.0-win32-x64\server\plugins\org.eclipse.equinox.launcher_1.6.500.v20230717-2134.jar -configuration c:\Users\AS\AppData\Roaming\Code\User\globalStorage\redhat.java\1.24.0\config_ss_win -data c:\Users\AS\AppData\Roaming\Code\User\workspaceStorage\2e878b952edbc97bc1b8e0d448a3c7a7\redhat.java\ss_ws --stdio
java_class_path (initial): c:\Users\AS\.vscode\extensions\redhat.java-1.24.0-win32-x64\server\plugins\org.eclipse.equinox.launcher_1.6.500.v20230717-2134.jar
Launcher Type: SUN_STANDARD

[Global flags]
    uintx AdaptiveSizePolicyWeight                 = 90                                        {product} {command line}
     intx CICompilerCount                          = 3                                         {product} {ergonomic}
    uintx GCTimeRatio                              = 4                                         {product} {command line}
   size_t InitialHeapSize                          = 104857600                                 {product} {command line}
   size_t MaxHeapSize                              = 1073741824                                {product} {command line}
   size_t MaxNewSize                               = 357564416                                 {product} {ergonomic}
   size_t MinHeapDeltaBytes                        = 524288                                    {product} {ergonomic}
   size_t MinHeapSize                              = 104857600                                 {product} {command line}
   size_t NewSize                                  = 34603008                                  {product} {ergonomic}
    uintx NonNMethodCodeHeapSize                   = 5832780                                {pd product} {ergonomic}
    uintx NonProfiledCodeHeapSize                  = 122912730                              {pd product} {ergonomic}
   size_t OldSize                                  = 70254592                                  {product} {ergonomic}
    uintx ProfiledCodeHeapSize                     = 122912730                              {pd product} {ergonomic}
    uintx ReservedCodeCacheSize                    = 251658240                              {pd product} {ergonomic}
     bool SegmentedCodeCache                       = true                                      {product} {ergonomic}
   size_t SoftMaxHeapSize                          = 1073741824                             {manageable} {ergonomic}
     bool UseCompressedClassPointers               = true                           {product lp64_product} {ergonomic}
     bool UseCompressedOops                        = true                           {product lp64_product} {ergonomic}
     bool UseLargePagesIndividualAllocation        = false                                  {pd product} {ergonomic}
     bool UseParallelGC                            = true                                      {product} {command line}

Logging:
Log output configuration:
 #0: stdout all=off uptime,level,tags
 #1: stderr all=off uptime,level,tags

Environment Variables:
JAVA_HOME=C:\Program Files\Java\jdk-17
PATH=C:\Program Files\Common Files\Oracle\Java\javapath;C:\Windows\system32;C:\Windows;C:\Windows\System32\Wbem;C:\Windows\System32\WindowsPowerShell\v1.0\;C:\Windows\System32\OpenSSH\;C:\Users\AS\Desktop\flutter_windows_3.7.6-stable\flutter\bin;C:\Program Files\nodejs\;C:\flutter\bin;C:\wamp64\bin\php\php5.6.40;C:\composer;C:\sass;C:\Program Files\Git\cmd;C:\Users\AS\AppData\Local\Microsoft\WindowsApps;C:\Users\AS\AppData\Local\Programs\Microsoft VS Code\bin;C:\Users\AS\Desktop\flutter_windows_3.7.6-stable\flutter\bin;C:\Users\AS\AppData\Roaming\npm;C:\Users\AS\AppData\Roaming\Composer\vendor\bin
USERNAME=AS
OS=Windows_NT
PROCESSOR_IDENTIFIER=Intel64 Family 6 Model 92 Stepping 9, GenuineIntel
TMP=C:\Users\AS\AppData\Local\Temp
TEMP=C:\Users\AS\AppData\Local\Temp



---------------  S Y S T E M  ---------------

OS:
 Windows 10 , 64 bit Build 19041 (10.0.19041.3570)
OS uptime: 1 days 18:42 hours

CPU: total 4 (initial active 4) (4 cores per cpu, 1 threads per core) family 6 model 92 stepping 9 microcode 0x32, cx8, cmov, fxsr, mmx, 3dnowpref, sse, sse2, sse3, ssse3, sse4.1, sse4.2, popcnt, tsc, tscinvbit, aes, erms, clmul, sha, clflush, clflushopt
Processor Information for all 4 processors :
  Max Mhz: 1101, Current Mhz: 1101, Mhz Limit: 1101

Memory: 4k page, system-wide physical 8016M (1503M free)
TotalPageFile size 12398M (AvailPageFile size 1M)
current process WorkingSet (physical memory assigned to process): 199M, peak: 199M
current process commit charge ("private bytes"): 270M, peak: 271M

vm_info: OpenJDK 64-Bit Server VM (17.0.8.1+1) for windows-amd64 JRE (17.0.8.1+1), built on Aug 23 2023 15:29:17 by "admin" with MS VC++ 16.7 (VS2019)

END.
